53.2475
40.9304
56.2610
47.5132
56.2610
53.2475
47.8057
53.8912
56.2610
56.2610
-15.0965
1.3751
1.6969
11.6442
17.1738
1.5799
2.5453
-13.1071
26.7700
10.1814
-10.5617
-17.6419
30.0761
-5.1785
16.7642
-4.4178
-1.6969
33.8502
-1.9310
44.1194
16.6179
5.0322
16.3839
-11.2639
-19.7191
34.9035
0.8192
-2.7794
1.2873
6.3780
2.9842
16.7349
50.8777
5.2662
9.5085
10.1521
16.5886
-2.9257
-6.9046
-14.9795
27.9403
13.5752
-26.5360
-5.4418
23.3470
4.0082
23.3470
-23.3177
7.0509
0.4974
-22.7872
1.7891
-0.9102
-19.0835
24.3566
30.1318
17.7652
-25.3610
-22.8186
-2.4482
7.1521
-9.5469
1.2945
-21.4563
-31.7799
4.4013
-9.4822
28.8673
-31.1650
42.0388
36.6290
42.3415
18.0163
-13.3396
42.2787
16.1331
15.5995
27.7150
11.2367
-0.7533
-69.5959
21.2813
-21.6606
-81.2626
-55.7635
-31.2426
-15.3938
-6.7491
-31.8668
-49.3895
-59.1865
12.3890
-29.1725
15.7550
-37.5877
66.2927
5.4698
13.8850
-22.5339
-19.5886
-17.0103
36.8557
-28.6082
-51.4175
-37.7577
5.7990
-3.4794
-59.5361
-58.3763
-38.4021
16.9082
-1.5459
1.2560
63.1884
-8.2126
-13.5266
2.8986
17.5845
40.7729
49.2754
-44.6044
-44.3907
-44.6044
6.9400
-44.6044
-41.0379
-42.3221
-44.6044
-32.1912
-42.3221
-28.6426
-6.6002
15.9402
-0.7472
-28.6426
-7.0984
-26.1519
-14.0722
-20.1743
-2.3661
-24.9597
-1.4919
11.1694
-7.4597
-24.9597
-8.1855
-24.9597
-0.4839
13.0242
10.1210
20.5594
1.0831
23.1211
15.7374
2.9290
24.7975
22.1982
38.2181
-1.6952
8.5986
19.4654
16.8894
5.8414
35.8711
42.1600
18.4616
-1.5783
1.7415
7.3955
25.1859
15.2342
99.5111
-1.7885
27.7663
11.8245
-0.6047
73.1086
20.8183
-2.1101
40.8904
21.3483
35.6799
38.0532
41.0342
42.1692
51.4102
49.4611
44.2100
17.7597
28.6517
-8.9646
-5.5861
1.6995
-15.8815
29.6479
3.3331
-15.8815
-4.7792
1.7313
40.3283
-17.6188
-13.9720
-6.1077
-24.7106
-0.9367
-19.0987
-10.8012
2.2509
-1.2064
-3.5719
-16.9288
-18.1088
-29.4961
-10.0484
-68.8556
-34.8704
1.6838
-34.6478
-44.1935
-47.1493
6.2537
5.3077
-3.8219
11.7700
-35.3780
-8.1308
21.1762
-7.9523
-15.6054
-17.9751
46.9583
30.0448
-2.5197
44.1685
39.3916
45.4114
51.5774
42.2643
42.8336
44.9196
15.1986
-2.8618
-20.7026
-1.6466
35.3734
19.2744
12.3507
-1.3967
11.6078
-3.6030
25.5160
16.2495
44.3566
31.1155
61.0892
22.4638
57.2244
10.6280
24.7255
44.2029
62.4780
29.1667
46.8034
30.1146
67.1076
57.2310
73.0379
24.0079
64.9250
27.6896
11.6160
23.6938
31.7861
9.7205
19.0765
29.6233
33.6817
4.7631
11.2515
17.3755
25.1261
16.1807
33.4795
-6.1829
29.6207
28.8752
43.2800
44.2885
20.2587
26.7704
24.3465
15.3079
32.7869
-7.2884
28.8879
28.1347
42.6894
43.7085
19.4284
26.0080
45.3482
79.2874
59.1686
70.2537
52.5103
70.2537
29.2424
51.9345
61.2381
38.6719
45.4464
79.3246
59.2420
70.3072
52.5956
70.3072
29.3695
52.0208
61.3077
38.7821
45.8162
79.4648
59.5183
70.5085
52.9170
70.5085
29.8483
52.3461
61.5700
39.1971
29.2794
44.7007
27.5257
21.5783
49.3328
78.0595
4.5940
5.4136
9.8361
-0.2859
57.3592
53.1156
39.8959
38.9494
10.2224
18.2048
18.3941
17.9524
43.9186
55.5293
52.0999
47.3330
32.4827
10.7212
11.4124
47.8646
20.5919
4.9796
29.6828
31.5789
57.3592
53.1156
39.8959
38.9494
10.2224
18.2048
18.3941
17.9524
43.9186
55.5293
56.1130
51.7454
38.1393
37.1651
7.5986
15.8143
16.0091
15.5545
42.2796
54.2296
53.1493
2.0276
4.8749
6.4280
28.8323
9.4622
17.3713
16.8967
11.6048
40.8829
18.0069
12.5568
18.0069
32.7946
22.3350
20.4916
22.5621
19.5164
32.2869
47.1413
15.7909
35.1626
25.1886
26.7526
14.0074
16.2162
18.4525
9.0410
18.5073
12.0593
32.2831
44.0982
38.8857
31.2174
17.7690
43.8202
38.9783
23.3175
25.0087
20.4911
57.6827
47.2443
47.7975
40.6994
45.6367
47.8706
65.1253
28.7474
38.9666
57.7662
48.4412
44.2842
5.4949
4.3258
33.4373
15.4716
38.8023
52.0135
0.7664
48.2853
58.0000
24.2645
24.7090
38.3280
14.8677
14.4974
34.4762
22.6138
33.9894
43.5450
20.9279
49.3057
47.6747
22.0410
12.4642
27.1214
57.0090
19.1867
44.5889
3.0527
56.6670
27.4282
49.0779
23.7063
57.1253
21.0350
51.9727
65.8880
55.9182
45.6689
54.2426
27.8404
6.1601
31.2200
22.1117
15.8078
49.3289
39.7172
39.8849
36.3734
67.6517
64.3542
68.0039
43.2485
30.6556
52.9843
60.8317
64.2857
52.9843
36.0372
22.4469
22.7186
42.8212
19.1971
16.7522
36.6335
34.1986
16.5711
15.0216
17.1949
25.7199
39.6703
43.4892
22.1515
25.1565
12.2183
4.7997
29.9562
53.6519
20.8368
27.4977
41.1142
44.8416
24.0147
26.9478
14.3192
7.0781
31.6325
54.7612
22.7314
64.4121
56.7847
32.9962
20.2486
-1.7278
22.4716
50.5373
17.0249
46.1125
26.4117
19.7875
24.1977
35.3135
27.0563
30.4251
25.1222
30.4782
47.8215
26.3656
42.2848
20.2127
32.3832
19.0600
34.0631
40.0768
24.5644
36.0379
22.1785
33.4733
32.9819
8.8941
0.3803
5.7929
5.1785
55.0322
37.1855
24.6635
6.7291
-17.2616
-8.6015
94.4860
94.4860
94.4860
94.4860
94.4860
94.4860
94.4860
43.5475
34.5725
-8.4971
26.3675
51.6198
47.3447
51.8322
-2.4429
-13.1970
44.3441
-12.4053
-12.6832
15.6645
-7.2006
63.6180
62.5821
53.4613
57.2764
2.7539
-8.8176
-3.5374
5.9476
8.5833
2.2195
-10.9416
-1.1791
-11.1670
-1.1791
14.5830
5.7222
-0.6365
1.2199
57.5495
52.6874
53.1294
-1.5028
13.8967
16.1068
65.3465
47.5601
8.4463
-11.5876
-3.9885
70.9072
3.6236
65.9672
-4.2101
96.3243
-11.4964
-6.7779
12.3991
64.9993
-0.1588
5.6901
8.3631
73.1110
77.8351
-0.5558
-4.2213
-2.2893
-40.1718
-48.0013
0.4212
-24.4012
13.1442
12.6693
-48.2202
4.2245
1.0365
-42.1416
29.7776
39.4216
24.9718
30.1746
24.1842
35.2645
17.9195
21.0115
32.8664
40.9692
6.0129
21.9015
5.3620
12.1964
-0.6307
0.5768
7.4831
7.9005
-2.6978
23.3357
34.3976
34.7912
31.8967
30.7381
40.6388
29.3952
30.2734
34.0757
34.9025
32.3411
38.1589
38.5508
36.5141
35.1076
29.8407
40.1399
34.1520
34.5246
7.3907
6.6492
5.6358
11.4632
11.4532
14.9964
4.7390
10.5347
10.2086
9.1673
6.9685
4.8521
5.5207
37.1424
40.2238
35.9422
37.0545
37.2270
42.7175
38.0301
38.3738
37.4676
37.2453
37.1405
30.1971
38.3935
33.1930
11.1749
10.6598
75.9079
3.8570
78.1507
80.4144
78.7857
71.6867
11.4774
79.5078
35.8542
41.4271
29.6884
32.6451
33.1775
35.7352
-10.5107
38.1536
34.8012
29.6911
78.5372
71.3957
3.5108
71.5731
72.5132
71.4484
64.1894
69.7482
70.3237
86.8681
-39.0660
-38.3502
8.9408
14.0357
14.2684
-32.1386
19.6768
9.6211
-46.6058
20.3345
2.1091
-32.9874
2.4801
-27.1894
-0.8170
1.1463
9.6453
-50.8357
-24.1507
14.4513
68.1790
74.1873
-3.1178
74.0364
36.1898
37.8525
40.2154
35.3204
35.0367
33.5636
36.1208
41.9276
42.7427
33.5398
-40.9324
-60.9315
-56.5851
-50.1249
-2.5562
-2.8143
-16.1976
-50.0389
6.0915
2.4128
38.7308
33.1040
35.6413
35.7497
27.0660
34.0948
34.4010
35.7600
32.2026
31.4354
36.3179
34.1420
45.1359
40.8696
34.5071
32.8281
37.8591
26.4721
40.5437
28.5292
14.8820
19.1420
90.2538
91.2620
91.0397
90.1769
14.0588
90.4350
88.2701
91.0919
11.4410
86.7431
15.9117
16.7913
85.4672
0.5818
13.4574
6.2336
12.8728
87.5902
7.4952
81.8558
93.0648
3.9862
-0.3683
6.0878
8.1180
86.7562
11.0812
87.7530
38.2456
28.6328
32.7705
30.3146
22.9231
35.3770
26.6736
31.7018
24.4233
29.8471
37.4756
38.5249
35.0161
35.3520
38.7860
33.4578
39.2748
13.2871
8.2925
14.6878
3.3532
2.6737
11.5748
4.8473
11.8729
11.8177
9.8235
47.4409
9.0593
1.0437
2.2946
5.5423
9.8146
6.3668
8.5017
12.6739
17.4919
3.5789
5.8654
0.8310
-18.0843
6.6159
2.9949
-5.4741
-5.7434
8.0132
-0.3637
1.9682
37.9627
38.6757
36.7272
37.3516
39.2470
34.0438
31.7276
35.8135
35.0458
37.3229
38.0740
29.4192
37.0503
22.8054
22.3650
30.5762
37.4484
-8.0682
33.3761
40.0663
30.2469
25.3013
10.5127
27.7402
25.3030
31.3398
16.4933
28.9290
28.3619
22.1383
8.8028
13.2153
8.4622
15.6916
7.1575
13.1282
-2.5399
15.4072
10.5399
14.2182
8.6418
3.4593
0.4200
-11.1647
5.2577
15.8896
-16.5884
9.3388
18.8656
13.9417
33.7790
36.3659
37.6406
36.1796
36.0226
36.7358
32.9373
37.3656
36.9658
35.0077
36.8909
29.2245
18.7966
34.0977
34.3892
40.8904
34.4823
37.2461
39.6845
39.5317
-12.6950
-1.6114
3.7210
2.8183
6.1230
-10.0545
4.6378
10.0592
-10.5503
5.6739
31.4236
32.0149
30.5142
30.8195
27.9031
37.2164
31.5438
41.1958
52.7454
38.4371
-12.9755
35.1536
37.8964
37.0085
40.5045
34.0532
-15.4238
35.5689
-14.9799
-10.7663
41.0690
19.4630
36.3045
35.4890
14.9037
33.5796
37.7854
32.2938
36.5880
30.6812
36.9955
37.6659
36.2166
21.2854
42.7773
45.1510
23.6896
14.4961
42.1153
22.0727
20.8435
61.8681
3.0068
54.8062
62.9602
9.5688
7.4429
2.1962
59.3686
1.1018
37.1934
36.8727
42.1712
35.6548
38.3513
41.0347
35.0681
34.5900
17.6349
33.7342
80.1805
70.0164
69.1531
77.5514
69.4637
75.4164
77.0060
6.2388
65.6974
69.1531
67.1543
43.8583
74.0571
61.2983
66.4320
-18.3497
-17.0057
72.1280
72.1280
61.9520
35.7708
36.1180
32.3609
34.5327
32.7695
41.9072
29.0196
36.4768
35.8452
33.5092
67.9384
-9.6616
66.0138
63.9440
76.1547
63.3267
80.2314
67.4518
7.1003
72.5913
69.7326
72.6922
66.1202
57.8468
83.8536
70.1568
62.9224
74.7843
-3.1168
75.7089
13.0012
4.7474
7.7110
9.4291
14.6069
11.4052
3.7300
10.3378
16.0897
4.2462
11.0065
69.5023
71.9504
79.2921
63.1516
69.1221
72.0975
17.8576
16.3735
75.6789
8.6834
4.2611
17.3265
9.7464
8.3282
4.3783
5.3915
9.6498
10.6837
5.2312
16.7901
32.1212
23.2447
23.3653
35.5147
21.0845
19.1173
20.1871
25.5943
32.3951
-35.7323
24.0043
23.5324
26.5151
23.9456
29.8695
23.4574
30.8343
27.9999
35.9801
24.8821
25.0854
23.6125
23.9029
28.8958
27.0447
20.0326
33.2654
29.0147
22.5222
20.9514
78.7412
38.4084
27.0108
-6.7322
35.1761
30.1980
22.5561
25.8553
24.6547
27.4406
33.8099
38.0155
35.9483
35.0239
37.6592
41.0672
34.3409
-6.7684
37.7626
41.8154
37.6595
13.3941
13.3837
10.6262
6.4744
-13.2508
16.5315
16.2155
14.6434
6.8725
15.1140
37.1424
36.3670
38.2389
35.9762
39.3602
33.7537
37.6480
38.5008
36.8951
38.9469
37.1820
41.0392
39.0680
38.1434
40.7478
34.7227
32.6944
36.8044
31.3783
37.9971
72.0490
66.7956
-0.4540
6.5746
79.0992
78.0783
70.2282
73.7401
1.6983
-12.3012
10.0800
14.8982
6.6744
-9.6814
-2.8136
0.7783
9.4573
17.5279
6.2475
1.7665
17.8430
14.5620
16.0049
-36.0291
34.5313
21.6270
36.0369
23.5233
34.9757
19.6299
22.7843
19.8773
23.5038
24.6431
54.4831
16.3973
-0.6047
70.8966
58.8464
5.7983
59.0813
-1.9607
-2.0049
-0.6815
81.2456
20.5703
86.2731
82.9479
82.7922
83.5016
83.6992
89.0567
10.2609
82.7409
-62.9485
-18.3092
-18.7041
-7.5623
-6.9084
-54.6474
-2.7642
-45.9938
-45.9174
-42.6139
37.2100
36.5662
41.5404
29.0172
33.3977
36.3776
39.6095
38.8621
40.5088
38.6414
38.6175
30.1198
36.9764
37.0384
38.9536
37.6772
37.9179
34.9184
34.0695
37.4538
18.0658
11.8898
11.8189
83.6122
8.5281
83.5186
85.0785
87.8673
83.2048
87.6943
38.7176
29.2039
36.9390
37.8468
31.4009
-58.3599
-53.5431
15.8560
12.2056
12.8254
20.7639
-48.5685
89.4360
90.8130
93.7813
89.7883
19.1871
88.5502
38.1389
37.4430
32.2627
25.2316
36.0626
41.6053
25.5988
30.6599
26.4058
28.3629
34.6408
33.6108
35.5796
36.9817
36.5944
35.4528
35.6589
36.5871
34.5249
35.2883
-47.8121
-61.0125
-44.7690
-62.1582
-53.0939
5.2289
-37.6102
-4.0670
-56.9455
-31.3980
69.8840
-2.8179
74.8496
69.7750
67.5681
4.2055
-11.7192
69.3157
73.8574
-3.2820
33.5463
40.8339
30.0442
33.1361
31.8811
30.4183
34.2662
34.7166
29.8230
36.6493
32.4663
5.7767
29.0176
26.7693
28.7361
27.7782
27.5442
31.2829
3.5174
-11.6301
2.9230
-0.4480
-14.2781
2.0426
-10.4613
24.2471
-6.0568
-17.3919
21.2306
3.7730
5.9307
9.7990
11.0452
4.1567
0.0952
14.8201
1.8539
6.8704
7.7432
-12.9536
7.9231
14.0556
11.6927
6.9938
12.3101
9.6462
10.0737
6.7335
33.4376
31.7640
36.9966
44.0254
-5.4802
41.3334
42.1196
38.0066
27.5881
29.9870
58.8062
33.7977
32.5811
38.4134
34.1396
38.1809
40.8461
35.1297
39.1195
32.4902
32.3301
14.2970
15.0965
17.1291
8.3477
9.3210
21.2925
7.3789
12.0394
51.0795
9.5406
1.7060
31.0091
11.1056
16.3264
23.4778
11.8914
14.4436
4.3430
3.2234
-2.1580
10.9450
15.2760
12.0461
4.4124
8.7768
11.8405
10.2530
14.8911
9.8723
13.6436
5.8075
7.6663
11.4745
12.1482
7.6133
3.7996
3.1033
-11.2328
3.8989
10.2741
9.3503
0.5472
11.1686
3.6560
16.4404
-17.6301
29.9050
36.4364
31.4892
40.5452
38.7977
39.3782
35.8412
41.0963
29.9270
31.1587
7.6715
9.7442
18.5283
6.6003
9.8152
61.4457
13.9975
13.5880
13.3805
15.0672
12.8249
11.7416
4.9840
11.3129
10.5343
5.5118
77.9847
88.6179
9.6076
9.9191
73.7377
63.6415
77.2373
75.7227
16.3955
70.7250
66.8602
70.6454
78.8338
62.7824
38.2293
35.2522
32.5534
37.8129
39.8404
33.6608
-3.7289
36.4962
35.2519
33.8886
1.0419
-4.1309
-5.3541
-7.3714
-8.7896
58.6726
68.2609
3.1739
19.3257
49.1945
39.6540
21.7157
5.6989
6.9417
90.0681
18.3017
8.0073
92.1694
8.4522
89.5606
91.0859
6.7547
2.6007
18.9935
15.0837
4.9783
7.5331
9.3857
52.8100
13.9298
11.0032
27.7308
32.2893
26.6604
24.6153
29.9837
41.5533
36.8199
35.2778
29.6934
16.8786
-55.4370
-6.0344
3.4707
0.2595
0.6927
19.1816
11.9760
4.1039
-9.6479
-5.3036
-5.4131
17.0359
15.7728
13.2133
13.7059
46.7633
9.1337
15.4290
19.8963
14.0002
5.9413
34.8919
27.0357
39.4359
34.4928
34.9890
38.7069
33.4380
31.8018
42.7886
33.3502
12.9001
10.4711
15.7968
85.4786
92.1999
13.3438
92.7391
7.2354
9.7747
15.2966
88.2548
8.8955
73.2400
6.0625
81.9241
2.9928
-2.1573
0.4654
3.8073
-7.2516
-7.6379
-8.0568
-1.7733
4.5892
9.6416
8.5628
12.0128
6.6809
14.6338
13.3563
7.5888
5.4263
4.7862
13.9304
8.8571
36.0325
33.9235
34.0289
38.6773
29.9998
25.3453
25.5268
28.7454
19.3863
34.3512
23.4728
30.3014
20.4591
21.8318
28.3264
26.0723
27.3611
40.1103
30.4223
27.1646
26.0305
30.1736
18.6993
27.4185
92.0753
88.0277
87.9131
89.2235
8.1337
91.7177
19.1134
14.8021
27.6838
31.7358
37.0182
26.9082
-8.0037
29.9254
30.6877
33.0079
32.7137
26.7728
53.5834
12.3833
9.4631
79.0146
3.5765
9.8069
3.6042
17.4199
9.7663
45.4616
31.2811
40.1606
34.8040
37.9389
34.5422
33.6390
28.6499
39.1566
32.5322
36.0151
33.3897
34.5128
39.6963
39.9928
34.3087
36.4737
34.6697
37.2593
31.1137
38.5316
-13.8792
17.0319
10.0846
10.1055
6.3255
22.7256
7.9560
9.0540
11.7415
19.2333
-1.6022
12.9725
13.3772
11.3675
7.1301
3.1390
-1.2140
16.5053
1.8741
10.5619
36.2945
28.4424
36.4918
24.4892
29.0500
35.3235
28.4044
37.5231
33.5788
35.7032
62.0187
13.5112
11.1414
14.3841
9.6071
8.6853
5.7215
11.1798
10.0135
6.3955
10.4384
21.0401
27.6055
36.0410
25.1234
29.9190
26.7024
33.9391
36.4675
34.6000
13.2388
3.7108
10.1231
12.8969
-22.8820
6.7524
9.6249
3.0069
3.7940
14.9347
15.4285
-53.6597
-42.7169
12.6447
9.4020
12.3619
15.3576
10.2815
16.3431
16.8820
11.4424
8.0717
14.8237
35.8210
-5.4730
32.7635
31.4496
38.3309
38.6255
36.5302
35.6536
43.4476
38.9255
-54.6208
11.2969
-55.4453
7.8113
-46.6492
-44.9846
-38.9825
-29.4635
-38.9629
6.7094
89.4844
11.4776
90.2569
9.6755
34.4248
27.6507
32.8512
34.1043
26.0602
28.8359
38.2705
24.6342
25.8974
30.5468
12.0276
37.9249
34.9361
32.5224
30.3917
36.7655
36.2193
33.9168
34.9315
33.1666
37.6137
-37.3804
28.2247
30.3549
30.8896
42.9451
29.5992
34.2475
40.4914
25.1225
32.2509
25.9063
14.3529
14.5934
8.2190
6.8208
13.4924
7.4399
11.8792
9.5913
7.5435
13.4438
23.0737
28.4830
30.6107
27.8893
28.2475
30.7840
30.0574
24.1233
24.4294
26.5638
33.6645
36.5353
35.1441
35.6262
35.9245
32.7534
34.0969
42.8252
35.2387
32.2586
11.4689
11.1541
12.0311
15.1242
57.7551
6.1664
7.2609
10.3577
10.6519
16.9917
31.9425
32.7499
-0.6903
25.3142
32.2427
33.3265
37.1733
29.1779
37.4124
33.7574
4.3764
60.7440
9.0154
1.2176
41.2950
5.1332
2.3661
46.3614
5.9426
3.7914
10.1225
14.4761
7.6672
7.6881
7.9517
14.9433
17.9947
9.4804
22.4464
13.4044
6.2874
8.9780
13.9679
-7.6013
19.1954
2.0174
0.6336
19.5774
11.2144
-3.2777
40.8698
43.6493
33.9120
36.9650
54.3820
35.1105
29.4813
36.3054
38.1052
32.8922
39.1640
52.2037
34.6327
39.3992
36.5380
38.6568
36.9727
33.8359
40.2894
36.5654
30.8579
31.8229
36.9330
28.8510
44.1261
41.0576
43.9601
39.4538
42.0948
28.1170
42.1046
34.8749
35.9117
30.7071
31.6273
34.6239
33.7050
33.5502
33.4251
-8.8628
34.7709
41.9520
19.5019
-1.2079
-0.0193
-1.6210
6.2109
13.7021
0.5870
61.4784
65.3340
-8.4503
-1.8070
27.9370
37.2101
27.4901
31.8083
30.2663
22.1309
35.3604
28.7947
26.0202
28.6294
-0.7391
-2.3643
1.5541
11.0727
10.4425
-2.9873
3.5606
-6.8227
-12.9087
-3.3427
-59.1868
5.9446
7.0487
-37.6864
-52.8425
-22.3902
-47.6312
8.8407
-19.4859
-11.0901
27.3729
34.3087
37.5026
20.9672
30.1792
34.8175
48.8776
28.8227
34.3154
34.3114
85.9556
87.9290
87.8358
7.5771
85.5727
90.2585
88.3949
83.4859
84.6557
15.1533
24.2484
-26.9781
3.2148
19.0978
12.1493
18.1392
6.8796
8.8307
16.1532
14.0938
8.8500
19.1877
13.3194
16.0705
15.5837
19.6289
-8.5958
14.3150
-55.1994
-48.3319
16.4742
-29.2780
23.7695
-2.7808
-6.8265
5.1803
4.9434
16.5474
-2.9892
-2.8613
17.3765
7.8213
24.9243
30.1616
44.9586
56.0541
37.2421
33.6416
38.1603
27.4049
49.6031
34.6577
36.8243
37.9017
38.9282
33.2929
33.1441
32.1776
34.8460
38.1059
33.8084
-6.1942
79.4696
11.1905
75.9182
6.5795
7.2169
9.1053
6.4627
4.9909
2.9913
18.6438
4.1534
82.8867
85.6029
86.1700
89.4813
17.4679
83.9740
88.4127
86.6387
91.0129
12.3813
13.0498
10.3532
8.1044
15.2973
6.5980
13.0107
6.3959
6.1579
-10.5758
35.5015
32.5769
43.5139
33.8260
33.5592
33.4362
38.7988
33.4107
28.4366
40.0466
2.5954
7.3210
1.7547
69.5990
-2.6332
64.9679
16.1770
-8.3129
16.9233
12.9841
3.6950
-45.0534
37.5752
31.7000
32.1261
40.5360
39.4854
32.2748
31.0270
30.5686
32.7036
37.3181
11.4371
12.0978
16.2976
5.9553
9.5990
60.3707
9.4352
14.1461
8.8419
18.3863
4.6273
-5.7024
6.0083
-11.3453
-35.1916
-11.3283
-0.2762
-35.5316
-19.8266
-55.4007
28.6363
28.4932
26.6010
30.7901
34.9957
35.1257
31.2656
30.6634
19.6327
23.7693
7.1248
4.6983
6.9875
20.2040
9.1947
8.6233
12.9649
12.9382
9.2362
6.5101
86.2521
7.4616
12.2241
9.9237
9.6792
92.6776
15.9142
17.7956
14.4473
15.3009
40.0502
37.8105
32.5435
37.7044
-7.2665
34.4157
37.1273
36.5904
34.9834
39.0943
39.0282
38.0351
39.6552
37.0566
41.8248
33.7717
35.5446
41.4583
35.5109
36.1100
11.8430
21.2505
8.3143
10.3117
7.4988
13.1045
12.7875
10.9111
9.5276
8.6416
16.7197
20.8617
45.7241
47.6082
34.3234
25.0526
41.2335
29.3327
18.6644
25.0661
18.5609
21.0824
3.4129
12.5434
7.6422
10.3896
13.4889
10.4910
11.5488
13.1670
40.0074
41.9822
31.2074
39.3010
34.0073
34.7589
35.8830
38.1565
33.1434
34.8617
11.9355
20.5160
20.5889
9.6996
8.7006
8.8303
12.3947
13.5527
11.8897
9.5974
54.5594
60.6313
64.8522
76.3043
76.1265
72.0347
70.9606
75.1863
62.3411
78.9249
14.7166
9.4883
89.7841
89.6244
90.0690
14.6073
-7.1112
67.5856
77.7166
48.8895
-13.1825
73.6447
29.6966
-4.5979
-7.5228
-2.8445
35.4415
37.6253
35.4729
37.6641
31.7995
32.9706
36.1619
24.7353
33.9667
31.6827
24.8820
36.3239
43.6113
23.6814
25.6172
37.1330
29.2584
33.1760
27.6631
15.4367
12.0514
-13.4058
5.2672
12.8472
7.4464
12.4540
-1.5459
0.0962
5.7081
8.8625
43.0367
11.4030
12.7700
5.5262
11.8989
10.6017
2.8611
11.5171
11.8489
34.7606
35.8495
34.7288
35.8114
41.0616
38.8190
36.7281
47.7692
39.8168
34.4565
33.5690
-57.5919
-61.2712
13.5943
-53.9652
20.7325
-39.9111
-56.6386
16.5324
-48.9966
-41.6634
36.4810
33.9680
37.1732
37.9415
42.4173
35.2283
34.8543
33.3092
36.9692
35.5570
7.0840
12.7981
63.5521
12.4649
63.5280
-7.1585
18.3083
56.9262
-5.4686
8.6248
30.2893
33.8397
37.8801
32.3576
30.4318
28.7722
38.3379
36.0337
31.1954
35.5934
40.8081
43.7235
32.9088
32.4923
33.2344
38.3233
38.3536
33.3137
40.1119
34.7747
40.0701
33.9740
38.2981
44.4723
46.4079
32.0788
34.9538
37.8534
40.9744
34.1522
41.3791
38.2721
42.4000
36.1240
27.1767
43.8219
39.6793
37.8926
30.1306
32.0476
27.9198
29.0597
29.1015
26.0932
31.6776
25.8736
43.4980
25.4710
40.4166
37.3159
28.4442
30.0938
25.3951
37.7015
26.9418
35.4240
17.6260
42.0136
26.6758
33.3168
17.5759
6.4808
11.9355
9.5516
3.3964
5.0436
1.2433
5.5070
9.7969
10.5966
3.7939
7.7410
7.8343
-0.5264
-4.1693
-16.4527
-1.8347
7.1191
11.2617
-3.2852
66.4565
23.0443
58.4148
69.8276
42.8461
7.0767
14.8610
88.3428
56.9352
68.0005
-13.9477
-28.6426
-23.1631
-10.0872
-18.6799
-16.1893
-0.2491
-17.4346
-18.6799
-12.2042
22.1476
16.4485
30.9510
20.5838
26.3871
20.1552
23.2133
11.9541
28.2868
33.8932
-14.4928
33.3333
-10.4348
-21.8357
6.9565
-3.3816
33.0435
42.7053
25.6039
-9.4686
22.9305
38.8328
27.1841
23.9739
30.9447
28.1701
26.7370
33.1690
28.5370
30.2110
32.2725
25.4873
5.3887
-16.1150
35.2532
-15.7682
32.1720
7.6367
41.7645
0.1437
-7.7139
26.2740
-24.9182
18.9341
-4.4881
-19.7288
-21.8326
13.6045
-4.0206
-34.9229
21.4458
32.5887
32.8300
24.9218
28.3174
19.3280
24.7788
31.6058
29.0233
30.5692
30.4469
45.8668
3.2835
25.9116
3.2775
1.9290
39.0579
-10.0441
30.9125
51.7627
40.5613
0.7235
44.9244
-3.0257
40.4297
19.6010
11.3791
27.5378
12.8919
27.0993
63.7125
54.7619
48.8757
42.9012
71.4286
57.3633
47.9056
44.7972
58.5317
21.9356
37.1626
14.8895
66.7583
18.4336
29.9216
48.3043
54.6899
29.9216
31.0520
40.4420
-18.6275
-5.4739
-19.2810
16.0131
-18.0556
-17.3203
-31.9444
-23.2026
-3.8399
-24.8366
28.6346
51.2010
44.8799
41.9406
8.0383
48.2090
4.3616
15.9397
42.9309
21.2284
-38.1443
-19.5876
-11.9845
8.3763
-47.2938
-0.6443
-93.4278
-41.3660
10.1804
44.0722
54.4538
41.6772
30.5741
61.2021
64.6392
37.7362
62.0119
79.2874
58.8807
39.0139
30.0372
5.7593
-9.7998
14.2477
54.4391
34.0599
36.2396
65.4616
47.5811
37.6218
11.7003
21.7428
14.0170
10.4038
16.6206
47.2795
31.3815
45.2072
12.8268
16.3231
69.4270
51.1766
77.2589
73.4687
23.2621
52.7753
59.1881
71.7981
40.4167
70.4329
69.6343
51.5076
77.4130
73.6485
23.7823
53.0954
59.4648
71.9893
40.8207
70.6334
24.7006
30.2538
-2.6698
-19.4374
-13.2968
-2.4913
-6.9383
-15.3607
-16.2883
-29.8910
37.8927
17.5196
35.3821
46.0008
38.7708
28.2206
16.1751
6.2697
15.5440
22.8975
54.6376
29.2414
36.7498
8.5217
45.5183
18.3294
17.7579
10.0156
30.4495
32.2681
-40.0135
-58.2959
-59.8541
-42.1602
-47.6746
-56.0714
-20.4312
-61.5680
-65.6986
-58.6510
-41.3063
-48.5738
-2.8928
-46.1415
-30.7776
-59.6178
-45.0180
-11.3254
5.2998
35.8598
19.9058
56.8599
31.0602
58.1426
54.3270
20.5878
25.3775
45.8354
54.8141
69.7678
55.9841
50.5620
18.8230
13.0372
42.7816
15.9136
43.1783
22.9998
30.8794
10.4805
39.3299
9.0883
51.1504
47.9436
10.4257
54.6017
31.1619
17.4863
26.8910
30.8743
22.1802
58.0849
33.0178
59.3311
55.6239
22.8427
27.4965
47.3734
56.0972
70.6263
35.2316
35.7829
40.9346
26.6296
29.4728
55.7306
26.3963
37.6843
39.9764
53.1652
-44.6044
-44.6044
3.6377
-44.6044
-38.3524
-35.2155
-38.3524
-40.8484
-38.3524
-44.6044
-21.6208
0.3511
14.6577
25.7753
-7.6068
4.6811
36.4541
29.5494
23.3470
52.0187
53.0265
13.2275
42.9735
28.6138
40.0000
30.4233
65.6085
31.1429
38.4444
38.5397
42.1464
27.0873
38.2005
49.7713
11.3039
21.0637
8.5970
6.9005
27.2970
35.6462
25.3235
56.3022
44.3343
39.4720
50.1252
39.7955
30.7492
39.1694
29.7892
60.2880
22.7892
50.7213
12.7705
25.9551
12.6770
31.6858
37.1226
13.8659
32.0732
9.3508
7.3535
15.1525
3.5163
24.9964
24.0802
13.7510
13.2568
25.2690
3.5235
12.0839
65.7664
34.4752
30.0176
37.4177
44.9715
9.9693
79.4466
27.5801
51.6689
51.8884
31.9894
38.5689
45.2149
9.7031
6.2029
27.2707
11.6526
20.3810
35.4010
28.4005
45.2595
15.8227
44.4392
11.4214
-11.1690
53.7782
44.4550
29.7997
16.5010
1.4987
19.1463
33.4275
3.7665
38.2611
-4.2373
-2.0402
22.1908
19.0521
-0.2511
34.6516
17.7652
25.4551
43.1262
27.5267
-14.1243
-7.7841
-22.0653
23.0383
27.6836
29.2216
62.2965
33.1942
58.2777
25.0418
66.5866
59.8852
44.9374
29.2276
32.0668
55.0939
37.3198
33.2067
38.1469
29.5965
38.0351
36.8839
55.2140
43.9477
51.5257
11.4340
14.3816
24.5326
19.5590
48.3461
4.0388
18.2287
6.5676
63.4228
9.9832
34.0005
58.5974
41.0303
54.5528
32.6290
23.3223
33.2629
39.1790
24.7208
45.9402
69.2927
2.9839
-7.1774
1.4516
-10.7661
19.1129
-24.9597
19.7984
-4.4758
18.5484
-0.2016
0.5462
10.7742
-11.6029
8.9188
29.9680
19.3822
41.2319
4.2663
41.6651
8.0429
-47.3019
-44.3931
-42.0529
0.9825
3.4690
-59.8576
-69.3155
-52.5445
-42.6863
-34.0437
6.1482
21.8712
22.6731
40.6318
21.0693
47.5577
32.9283
5.8080
19.4654
56.9866
-24.1376
-3.9677
-4.7478
25.0246
8.3915
10.6057
-23.4354
7.4181
-9.0256
-5.8365
26.4579
59.5695
70.5675
56.3209
36.4286
59.6380
46.9080
53.5812
50.3718
57.4951
-24.6373
-4.1746
-4.9562
24.8754
8.2091
10.4277
-6.8326
-4.8544
1.0144
21.3286
4.3366
2.5243
-6.3754
-5.8576
-8.8350
-8.7702
7.3463
29.7735
27.9288
-7.0227
-21.7190
-21.7190
-21.7190
-21.7190
-21.7190
-21.7190
-21.7190
-21.7190
-21.7190
-21.7190
-28.6426
-28.6426
-28.6426
-28.6426
-28.6426
-28.6426
-28.6426
-28.6426
-28.6426
-28.6426
-11.4792
-11.4792
-11.4792
-11.4792
-11.4792
-11.4792
-11.4792
-11.4792
-11.4792
-11.4792
-63.8647
-63.8647
-63.8647
-63.8647
-63.8647
-63.8647
-63.8647
-63.8647
-63.8647
-63.8647
-8.4614
-8.4614
-8.4614
-8.4614
-8.4614
-8.4614
-7.8766
-8.4614
-8.4614
-8.4614
-16.1150
-16.1150
-16.1150
-16.1150
-16.1150
-16.1150
-16.1150
-16.1150
-16.1150
-16.1150
-87.9850
-87.9850
-87.9850
-87.9850
-87.9850
-87.9850
-87.9850
-87.9850
-87.9850
-87.9850
-19.8910
-19.8910
-19.8910
-19.6587
-19.8910
-19.8910
-19.6587
-19.8910
-19.8910
-19.8910
-36.0404
-36.0404
-36.0404
-36.0404
-36.0404
-36.0404
-36.0404
-36.0404
-36.0404
-36.0404
-27.8009
-27.8009
-27.8009
-27.8009
-27.8009
-27.8009
-27.8009
-27.8009
-27.8009
-27.8009
-28.5053
-28.5053
-28.5053
-28.5053
68.2981
-28.5053
-28.5053
-28.5053
-28.5053
-28.5053
-36.6432
-36.6432
-36.6432
-36.6432
-35.9609
-36.6432
-36.4192
-35.5331
-36.5414
-36.6432
-41.4216
-41.4216
-41.4216
-41.4216
-41.4216
-41.4216
-41.4216
-41.4216
-41.4216
-41.4216
43.7526
-41.3506
-40.8449
-41.3506
-41.3506
-40.4235
-41.3506
-41.3506
-41.3506
-41.3506
-190.2062
-190.2062
-190.2062
-190.2062
-190.2062
-190.2062
-190.2062
-190.2062
-190.2062
-190.2062
-25.4994
-25.4994
-25.4994
-25.4994
-25.4994
-25.4994
-25.4994
-25.4994
-25.4994
-25.4994
-52.4721
-52.4721
-52.4721
-52.4721
-52.4721
-52.4721
-52.4721
-52.4721
-52.4721
-52.4721
-42.5824
-42.5824
-42.5824
-42.5824
-41.9447
-42.5824
-42.5824
-42.2317
-42.5824
-42.5824
-25.2739
-25.2739
-25.2739
-25.2739
-25.2739
-25.2739
-25.2739
-25.2739
-25.2739
-25.2739
-24.4246
-24.4246
-24.4246
-24.4246
-24.4246
-24.4246
-24.4246
-24.4246
-24.4246
-24.4246
-37.4637
-37.4637
-37.4637
-37.4637
-37.4637
-37.4637
-37.4637
-37.4637
-37.4637
-37.4637
-32.0346
-32.0346
-32.0346
-32.0346
-32.0346
-32.0346
-32.0346
-32.0346
-32.0346
-32.0346
-49.7142
-49.7142
-49.7142
-49.7142
-49.7142
-49.7142
-49.7142
-49.7142
-49.7142
-49.7142
-91.9595
-91.9595
-91.9595
-91.9595
-91.9595
-91.9595
-91.9595
-91.9595
-91.9595
-91.9595
-66.0442
-66.0442
-66.0442
-66.0442
-66.0442
-66.0442
-66.0442
-66.0442
-66.0442
-66.0442
-39.6980
-39.6980
-39.6980
-39.6980
-39.6980
-39.6980
-39.6980
-39.6980
-39.6980
-39.6980
-27.0112
-27.0112
-27.0112
-27.0112
-27.0112
-27.0112
-27.0112
-27.0112
-27.0112
-27.0112
-38.3952
-38.3952
-38.3952
-38.3952
-38.3952
-38.3952
-38.3952
-38.3952
-38.3952
-38.3952
-35.7312
-35.7312
-35.7312
-35.7312
-35.7312
-35.7312
-35.7312
-35.7312
-35.7312
-35.7312
-2.5197
-2.5197
-2.4827
-2.3627
-2.5197
-2.5197
-2.5197
-2.5197
-2.5197
-1.7282
-44.6044
-44.6044
-44.6044
-44.6044
-44.6044
-44.6044
-44.6044
-44.6044
-44.6044
-44.6044
-49.8830
-49.8830
-49.8830
-49.8830
-49.8830
-49.8830
-49.8830
-49.8830
-49.8830
-49.8830
-21.9577
-21.9577
-21.9577
-21.9577
-21.9577
-21.9577
-21.9577
-21.9577
-21.9577
-21.2381
-32.9394
-32.9394
-32.9394
-32.9394
-32.9394
-32.9394
-32.9394
-32.9394
-32.9394
-32.9394
-39.9937
-39.9937
-39.9937
-39.9937
-39.9937
-39.9937
-39.9937
-39.9937
-39.9937
-39.9937
-28.5600
-28.5600
-28.5600
-28.5600
-28.5600
-28.5600
-28.5600
-28.5600
-28.5600
-28.5600
-62.7128
-62.7128
-60.4455
-60.8708
-62.2219
-61.1375
-62.6063
-62.3340
-62.6479
-62.7128
-27.9974
-27.9974
-27.9974
-27.9974
-27.9974
-27.9974
-27.9974
-27.9974
-27.9974
-27.9974
-29.1316
-29.1316
-29.1316
-29.1316
-29.1316
-29.1316
-29.1316
-29.1316
-29.1316
-29.1316
-35.7312
-35.7312
-35.7312
-35.7312
-35.7312
-35.7312
-35.7312
-35.7312
-35.7312
-35.7312
-67.1375
-67.1375
-67.1375
-67.1375
-67.1375
-67.1375
-67.1375
-67.1375
-67.1375
-67.1375
-101.1613
-99.2153
-101.6635
-102.4482
-102.4482
-101.1613
-102.4482
-100.3767
-100.3767
-101.1613
-20.3027
-20.3027
-20.3027
-20.3027
-20.3027
-20.3027
-20.3027
-20.3027
-20.3027
-20.3027
-37.8227
-37.8227
-37.8227
-37.8227
-37.8227
-37.8227
-37.8227
-36.9733
-37.8227
-37.8227
-47.7828
-47.7828
-47.7828
-47.7828
-47.7828
-47.7828
-47.7828
-47.7828
-47.7828
-47.7828
-24.0668
-24.0668
-24.0668
-24.0668
-24.0668
-24.0668
-24.0668
-24.0668
-24.0668
-24.0668
-24.9597
-24.9597
-24.9597
-24.9597
-24.9597
-24.9597
-24.9597
-24.9597
-24.9597
-24.9597
-38.6608
-38.6608
-38.6608
-38.6608
-38.6608
-38.6608
-38.6608
-38.6608
-38.6608
-38.6608
-71.4571
-71.4571
-71.4571
-71.4571
-71.4571
-71.4571
-71.4571
-71.4571
-71.4571
-71.4571
-41.6525
-41.6525
-41.6525
-41.6525
-41.6525
-41.6525
-41.6525
-41.6525
-41.6525
-41.6525
-25.3371
-25.3371
-25.3371
-25.3371
-25.3371
-25.3371
-25.3371
-25.3371
-25.3371
-25.3371
-20.6556
-20.6556
-20.6556
-20.6556
-20.6556
-20.6556
-20.6556
-20.6556
-20.6556
-20.6556
-25.5866
-25.5866
-25.5866
-25.5866
-25.5866
-25.5866
-25.5866
-25.5866
-25.5866
-25.5866
-55.1780
-55.1780
-55.1780
-55.1780
-55.1780
-55.1780
-55.1780
-55.1780
-55.1780
-55.1780
-243.6405
-243.6405
-239.3170
-212.3101
-213.6769
-24.8814
-24.8814
-69.7244
-69.7244
-69.7244
-69.7244
-69.7244
-69.7244
-68.4159
-16.2668
-18.2563
-20.2458
-16.7057
-19.7484
-15.8280
-3.5693
19.8362
27.0334
12.7560
-25.5120
-17.6419
-18.3733
-18.8999
15.2428
-4.8566
-35.7519
-28.4669
1.1995
26.8871
-10.2692
-26.6530
-16.7349
-18.7537
-4.9737
-19.0170
-24.6050
-16.0620
-23.8444
-21.1235
-17.4664
4.6811
-29.1984
-27.6770
-4.7104
-31.9485
-35.6349
-22.3523
-36.4541
-3.0720
-37.1855
-25.9216
19.0170
-32.0070
-14.2188
-25.1902
-23.6688
-18.3733
-14.6870
-36.4541
-15.0088
-26.3019
-37.2147
-36.2785
-40.5500
-27.0626
-26.4775
-37.4195
17.0275
-31.4219
-17.2616
-30.3686
-9.4792
-9.4500
-12.2294
-0.5266
-29.2569
-13.0193
-13.8092
-12.7267
-29.6957
-10.2692
-19.6314
5.2370
-10.7080
12.8438
-28.7888
-26.3312
-22.8204
9.0989
-5.6466
-9.0404
-4.9444
-13.7507
-14.3066
-6.1147
-9.2159
-20.9187
-8.2797
-3.0720
-27.0919
-16.6179
-23.2885
-11.9661
-23.8151
-21.0942
21.4453
-14.3359
-2.3698
-8.3090
4.8566
-18.0807
-27.2967
-11.4980
-34.0843
-20.0995
11.2932
-12.6097
-33.2358
8.5723
-37.8877
-26.4482
-28.8473
-20.2165
-35.2253
-34.1428
-39.6431
-28.6425
-17.5249
-28.5547
-24.4880
-26.2727
-35.5178
-37.4488
-31.4511
-35.2253
30.2224
-34.5524
-30.7782
-30.8367
-24.4002
-28.7888
-18.4318
-25.5705
-31.0708
-14.3944
-24.0492
-31.6559
-35.0790
-22.5571
-18.4026
-29.7835
-40.2867
-24.9561
-36.6881
-30.0468
-12.1416
-17.5541
15.4184
-15.7695
-30.7490
-26.8578
-17.2030
-10.2399
7.2264
-21.2990
-15.5647
-11.3809
-17.9637
-37.9169
-23.7273
-36.8929
-36.4248
-35.5178
-30.6905
-24.9561
-10.9713
-21.3868
-19.3681
-1.3458
-4.7396
-17.5249
-37.8877
-32.1826
-28.3499
-35.5178
-30.7197
-29.7835
-14.3359
-16.7934
-12.6390
-2.0480
-35.2253
-27.5307
-26.3897
-19.3681
-21.2990
-12.4049
-31.7145
-8.5430
-23.4933
-29.4909
20.2458
-34.0550
-29.7835
-24.8976
-21.9427
-35.5178
-24.3417
-1.8432
-32.9432
-18.4026
-27.3259
-31.6852
-35.5178
-4.9152
-24.4880
5.5881
-12.9023
-29.1398
-30.6905
-28.5547
-18.4026
-24.3710
-35.3130
-17.9345
-24.9269
-18.4026
-28.7595
-12.1709
-26.3897
-30.4271
-25.3657
-19.9239
-31.4511
-28.7595
13.0193
-3.5108
-34.0843
-30.6905
-19.8654
-22.1767
-20.7139
-27.5600
-18.9585
-11.9661
-18.7537
-25.5998
-18.3148
-26.3897
-25.1609
-23.6688
-32.1533
-2.0480
-28.5547
29.3739
20.9479
-24.9561
2.4868
-26.3019
15.3231
9.4466
4.5470
11.7370
8.8258
16.4008
14.9711
13.6626
5.9246
4.5118
-34.0843
-16.0328
-23.4640
-16.0035
-30.7197
-24.9561
-21.2990
-22.1182
-34.0843
-25.1609
-48.6503
-58.3176
-58.7571
-16.8864
-52.0088
-48.7131
-65.5053
-67.9535
-47.8343
-61.0169
10.0700
7.5103
13.0668
9.5406
15.1029
5.9461
9.0058
9.0822
7.8937
9.1821
-20.2750
-32.9432
-32.1533
-31.0708
-34.3183
-34.5524
-32.1241
-32.8847
-24.9561
-35.3130
-18.1549
-16.4565
-17.0998
-14.9125
-15.3757
-16.6238
-17.3314
-17.0226
-17.2671
-15.9547
-26.1519
-26.1519
-26.1519
-26.1519
-26.1519
-26.1519
-20.6725
-26.1519
-26.1519
-26.1519
-8.5718
-8.5718
-9.0351
-8.5718
-8.5718
-8.5718
-8.5718
-8.5718
-8.5718
-8.5718
-62.8019
-57.7778
-60.0966
-60.5797
-54.5894
-52.4638
-63.0918
-42.2222
-57.7778
-61.6425
-8.4614
-8.3926
-7.8766
-8.3238
-8.0028
-7.8078
-8.0486
0.6191
-8.4614
-8.4614
-15.0038
-15.5346
-15.0038
-15.0038
-15.0038
-15.0038
-15.0038
-15.0038
-15.0038
-15.0038
-87.9850
-87.9850
-87.9850
-87.9850
-87.9850
-83.4502
-79.7101
-83.4502
-87.9850
-87.9850
-7.7830
-7.0861
-7.7384
-7.8724
-7.0861
-7.0861
-7.0861
-7.7384
-7.0861
-7.0861
-26.5223
-27.1754
-28.6811
-30.0901
-26.1172
-28.7960
-29.3403
-27.5262
-31.8437
-28.6630
-26.7047
-27.8009
-26.8801
-27.8009
-26.7047
-26.8801
-26.7047
-25.7838
-27.8009
-27.8009
-28.5053
-28.5053
-28.5053
-28.5053
-28.5053
-27.4030
-28.5053
-28.5053
-28.5053
-28.5053
-29.6568
-30.2780
-29.7790
-32.7528
-30.9808
-31.6224
-31.5307
-31.9890
-31.3474
-31.9584
-39.7876
-36.1928
-36.1928
-36.1928
-29.6569
-36.1928
-38.4804
-34.8856
-28.3497
-34.8856
-32.0270
-33.3333
-35.5668
-33.2174
-32.3114
-32.5643
-28.3818
-32.9751
-30.7311
-31.3843
-139.3041
-153.9948
-154.7680
-135.6959
-126.0309
-138.9175
-154.7680
-139.4330
-144.8454
-127.8350
-25.2294
-24.7616
-23.8978
-25.2294
-25.2294
-25.2294
-24.7616
-25.2294
-25.2294
-25.2294
-36.1155
-37.7636
-42.3888
-40.0673
-39.9079
-38.5256
-38.0826
-41.0066
-41.8926
-41.8040
-31.8172
-35.9511
-35.1222
-37.2157
-33.8576
-31.6897
-31.6472
-34.3146
-35.0691
-30.8608
-25.0045
-23.3339
-25.0045
-25.0045
-25.0045
-25.0045
-25.0045
-24.3758
-25.0045
-25.0045
-24.1570
-24.1570
-24.1570
-23.2649
-24.1570
-23.6931
-24.1570
-24.1570
-24.1570
-24.1570
-36.1481
-36.1481
-36.1481
-36.1481
-36.1481
-36.1481
-36.1481
-36.1481
-36.1481
-36.1481
-28.5910
-28.5910
-27.4249
-28.5910
-28.5910
-27.9051
-28.5910
-27.7816
-28.5910
-27.7816
-44.6739
-44.7129
-43.2190
-39.6986
-43.0372
-44.0244
-43.1930
-43.5048
-43.6217
-40.6469
-86.3221
-83.8370
-86.3221
-86.3221
-83.8370
-91.9595
-83.8370
-75.4308
-83.8370
-75.4308
-64.4550
-64.4550
-64.4550
-64.4550
-64.4550
-64.4550
-64.4550
-64.4550
-64.4550
-65.2142
-33.3496
-33.7392
-36.5319
-34.7621
-34.3075
-33.5282
-33.7392
-33.7392
-34.3075
-34.1614
-17.3242
-15.1091
-17.3132
-17.3242
-18.3381
-16.6299
-16.0018
-15.8805
-16.6299
-15.8805
-33.9373
-29.6951
-32.3123
-31.7659
-31.0037
-34.0667
-31.3776
-30.6011
-31.3776
-30.9462
-30.4938
-31.7242
-31.8662
-32.6550
-31.2825
-32.6550
-32.6550
-32.6550
-32.6550
-32.6550
-1.9519
-1.9519
-1.9519
-1.9519
-1.9519
-1.9519
-1.9519
-1.9519
-1.9519
-1.9519
-44.4119
-44.4119
-44.4119
-47.8935
-44.4119
-44.4119
-44.4119
-49.1516
-44.4119
-49.8830
-13.1640
-11.9894
-12.6561
-13.6296
-14.1376
-11.2698
-14.1376
-13.1640
-14.1376
-11.2698
-31.8338
-31.8338
-30.8807
-31.8338
-30.0801
-31.8338
-30.8807
-29.9657
-30.0801
-31.8338
-27.8902
-34.8602
-34.2237
-31.9908
-33.2951
-32.8777
-32.3143
-32.6273
-32.4708
-35.0271
-15.2685
-18.9420
-15.5490
-16.4574
-18.7016
-15.9097
-18.0604
-18.7283
-17.1520
-18.3810
-78.8872
-78.8872
-78.8872
-78.8872
-78.8872
-78.8872
-78.8872
-78.8872
-78.4548
-78.8760
-27.9974
-27.9974
-27.9974
-27.9974
-27.9974
-27.9974
-27.9974
-27.9974
-27.9974
-25.3623
-27.0935
-26.9606
-29.1316
-28.0239
-28.0239
-23.7483
-29.1316
-29.1316
-29.1316
-28.0239
-31.2825
-31.3141
-32.6550
-30.9355
-30.4938
-29.1213
-31.2825
-31.8662
-31.7242
-30.5253
-57.8782
-56.4030
-57.8782
-57.8782
-57.8782
-56.4030
-61.9272
-57.8782
-57.8782
-57.8782
-81.3559
-75.8945
-75.8945
-75.8945
-73.6660
-75.8945
-77.2128
-75.8945
-74.6704
-75.8945
-17.5365
-17.5365
-17.5365
-18.1211
-17.5365
-18.1211
-17.5365
-17.5365
-17.5365
-17.5365
-33.3855
-34.3802
-34.1008
-31.9996
-30.4236
-31.9325
-33.5420
-34.3244
-33.5420
-32.0107
-28.5235
-40.6639
-34.6476
-36.7330
-40.7359
-34.5278
-37.5719
-38.7824
-41.2272
-35.7383
-14.5890
-13.9048
-13.9048
-13.6835
-13.9048
-15.0719
-15.5146
-14.5890
-15.2229
-13.9048
-24.1532
-24.1532
-22.3790
-24.1532
-24.1532
-24.1532
-23.5081
-24.1532
-22.3790
-23.4274
-35.6188
-34.9595
-36.1085
-33.2548
-34.5734
-34.4980
-34.1119
-34.4980
-34.4980
-35.0066
-69.8162
-69.8162
-69.8162
-69.8162
-69.8162
-69.8162
-69.8162
-69.8162
-69.8162
-69.8162
-40.2187
-41.2394
-41.6525
-41.6525
-41.2394
-41.2394
-41.6525
-41.2394
-41.6525
-41.6525
-24.1376
-24.1376
-24.1376
-24.7106
-24.1376
-24.1376
-24.1376
-24.1376
-24.1376
-24.1376
-18.0626
-18.0626
-18.0626
-17.4853
-18.0626
-18.0626
-18.0626
-18.0626
-18.0626
-18.0626
-24.3847
-24.3847
-24.3847
-24.3847
-24.3847
-24.3847
-24.3847
-24.3847
-24.3847
-24.3847
-50.8414
-53.1392
-53.1392
-45.6958
-43.4951
-50.4854
-50.8414
-43.4951
-46.2783
-53.1392
-89.4009
-82.7898
-102.1524
-103.4756
-115.4212
-107.2820
-102.8699
-97.6705
-95.2059
-121.1051
-150.5988
-147.4975
-150.5988
-148.8190
-147.4975
-150.5988
-145.3708
-142.2365
-150.5988
-147.4975
-21.3294
-18.6877
-19.3316
-21.3294
-19.2589
-20.4596
-20.2579
-19.3897
-21.3294
-21.3294
-6.0130
-4.9009
-4.1636
-3.4293
-7.2302
-5.0346
-3.7431
-7.0729
-5.8221
-6.1628
-131.3563
-140.6926
-122.0466
-144.1820
-160.9856
-136.6260
-157.4828
-137.1454
-123.2542
-137.5538
-57.8803
-57.8803
-57.8803
-57.8803
-57.8803
-57.8803
-57.8803
-57.8803
-57.8803
-57.8803
-11.7807
-11.4351
-10.2950
-10.9427
-11.6326
-12.5095
-11.9479
-13.3738
-12.3962
-13.4344
0.0090
1.4834
0.3189
-0.2519
0.0534
1.6286
-4.5373
-0.6626
-0.2420
-1.6349
-44.3335
-50.7731
-47.9281
-48.3625
-46.8154
-46.7431
-44.6107
-45.2095
-46.8768
-49.5150
-120.5201
-120.5201
-120.5201
-120.5201
-120.5201
-123.7972
-120.5201
-120.5201
-120.5201
-120.5201
-2.0321
-2.3573
-3.5473
0.9477
0.2154
1.7361
1.8592
-2.0610
-0.7350
-3.0661
-48.4639
-50.4560
-52.3055
-53.0049
-49.9155
-55.1369
-52.6143
-51.4625
-49.4086
-50.6813
-16.2181
-10.2078
-11.8423
-13.9891
-15.9559
-7.9290
-13.5425
-12.1859
-13.5014
-11.5102
-123.0540
-125.0428
-126.4258
-123.5632
-125.6838
-114.3785
-129.5693
-135.8212
-117.4913
-123.8003
-21.3055
-21.3857
-19.5294
-20.2071
-16.7048
-19.9178
-19.0705
-19.1448
-19.0278
-20.2899
-48.8813
-38.1059
-38.8688
-42.2875
-41.5865
-46.2572
-49.1003
-44.9505
-42.9073
-36.0469
-166.6801
-172.0352
-172.4909
-169.4999
-168.6774
-166.3860
-172.6800
-164.5294
-173.7562
-164.9075
-168.6549
-171.9853
-168.0255
-180.8928
-177.6291
-184.0815
-178.4252
-157.2423
-173.8527
-168.8842
-75.8806
-63.1035
-70.1176
-72.0641
-79.2347
-64.0912
-62.8893
-66.7075
-72.7254
-65.8388
-52.1244
-48.1226
-48.1418
-48.4602
-51.6651
-51.9957
-57.6643
-49.1579
-64.9946
-47.9887
-121.0971
-139.1035
-123.0175
-131.9371
-120.6498
-127.7574
-119.2400
-118.6390
-131.4355
-140.8251
-178.4155
-188.5216
-185.1133
-190.9344
-186.8707
-175.9535
-192.6836
-182.6595
-181.6845
-181.8074
-20.0268
-20.9454
-21.8812
-21.8812
-21.8812
-20.0268
-21.8812
-20.0268
-20.9626
-20.0268
-10.0907
-6.8092
-10.9357
-15.0081
-13.3128
-6.3462
-14.2871
-12.6369
-12.2287
-13.4911
-40.4574
-36.2850
-37.9263
-36.0031
-41.7889
-38.0134
-34.2272
-35.0662
-37.8196
-42.0652
-51.2564
-57.2989
-53.3785
-54.2284
-51.2230
-59.0981
-57.9428
-53.3924
-53.3275
-61.1033
-53.9796
-52.5216
-52.9744
-59.7283
-51.7343
-55.4527
-51.9879
-51.7775
-54.1234
-53.5024
-18.3950
-17.4856
-17.4856
-18.3950
-18.3950
-18.3950
-18.3950
-17.4291
-17.2886
-18.3950
-1.0476
-3.4896
-0.9970
-0.1562
-2.0578
-2.5530
0.6574
-1.9958
-1.3337
-0.1464
-39.4103
-38.4903
-38.9043
-39.1021
-36.6635
-41.6415
-40.8208
-38.0266
-33.8044
-41.4165
-118.1746
-145.2480
-115.8458
-123.3806
-116.6045
-117.5299
-116.6045
-135.3318
-129.5996
-129.0207
-56.3501
-56.3501
-56.3501
-56.3501
-56.3501
-56.3501
-56.3501
-56.3501
-56.3501
-55.1015
-68.8911
-68.8911
-68.8911
-68.8911
-68.8911
-68.8911
-68.8911
-68.8911
-68.8911
-68.8911
-26.8204
-40.9391
-37.9014
-44.2142
-38.3903
-38.2114
-42.3721
-42.9265
-35.2605
-30.5773
-1.6417
1.0159
-2.0306
1.5449
-0.4684
1.4127
0.4593
3.3586
2.8110
0.0397
-17.3795
-17.8735
-19.2320
-16.6986
-19.2320
-19.2320
-17.9775
-18.3155
-18.2960
-18.0523
-5.5639
-5.5639
-5.5639
-5.5639
-6.8867
-7.5745
-5.5639
-5.5639
-5.5639
-6.4651
-48.0201
-47.2578
-45.8677
-45.7843
-44.7469
-44.8962
-45.4742
-44.7321
-49.2889
-47.4094
-62.0488
-62.7550
-61.6691
-61.3591
-58.0851
-60.4191
-59.3424
-60.9006
-61.2858
-58.8720
-54.8664
-60.0163
-55.3446
-53.9268
-56.8550
-60.5600
-56.5331
-57.1648
-56.3169
-59.5858
-0.9941
-0.3650
1.6791
0.7070
1.3782
-2.8263
-0.1324
4.2288
3.8803
2.6029
-39.0746
-44.6541
-36.9977
-45.0101
-40.5482
-41.1878
-39.1361
-38.3273
-41.2753
-41.9839
-5.2711
-4.3186
-6.2226
-5.8111
-6.9203
-5.1399
-7.8241
-5.1299
-4.2414
-5.9098
-55.4716
-56.1405
-54.7466
-57.3052
-57.3052
-57.3052
-57.3052
-57.3052
-57.3052
-54.8542
-50.3942
-49.3838
-60.4790
-52.4290
-55.0931
-65.1359
-62.6641
-53.9271
-58.1313
-59.5770
-117.5078
-113.0778
-113.5478
-113.8998
-118.7328
-123.8779
-120.0714
-116.9386
-117.1684
-115.4328
-100.7083
-104.0763
-96.4200
-118.8494
-106.1000
-116.0885
-127.5706
-136.7399
-139.9248
-117.8616
-0.2959
-4.6879
-2.5397
-6.0154
-6.9384
-2.8943
-6.9157
-6.3763
-2.3436
-0.3849
-128.1526
-126.3376
-121.1105
-131.8472
-130.9774
-125.7172
-127.2795
-128.9073
-123.9138
-120.1297
-63.0770
-64.0472
-66.9830
-71.3455
-61.5892
-69.2754
-65.6233
-69.1023
-69.5963
-64.4325
-43.0879
-41.4985
-37.1865
-45.8316
-41.1876
-46.9090
-36.5283
-42.4229
-42.6578
-42.6942
-20.1084
-20.1084
-20.1084
-20.1084
-20.1084
-20.1084
-20.1084
-20.1084
-20.1084
-20.1084
-23.4458
-24.3109
-25.1541
-25.1541
-24.3109
-22.8041
-22.7431
-24.3109
-24.3109
-23.4458
-81.6858
-93.3955
-90.2714
-90.5864
-92.5297
-101.4545
-101.2255
-87.9667
-88.5089
-95.2734
0.2309
-4.4453
-1.2684
-0.9572
0.8362
1.4848
-0.4860
-3.6953
-0.5122
0.3246
-9.6603
-9.6603
-9.6603
-9.6603
-8.4590
-9.6603
-9.6603
-8.1973
-9.6603
-9.6603
-74.7609
-68.9819
-66.2525
-73.0979
-71.9436
-66.2525
-73.0979
-71.9436
-73.0979
-74.0199
-133.0057
-148.4617
-129.0606
-143.1543
-118.9303
-125.7646
-123.3051
-134.9669
-126.0891
-115.5291
-9.6419
-7.0435
-5.6980
-6.9032
-7.3874
-5.7239
-7.4812
-5.2551
-11.0980
-6.9879
-77.8735
-71.7924
-64.5081
-71.8311
-68.5945
-67.6116
-72.9859
-60.6711
-66.2850
-74.1261
-36.3953
-35.6785
-35.6051
-36.6780
-35.9116
-33.2357
-34.0177
-37.0800
-39.5645
-37.3893
-17.2945
-15.9230
-23.5109
-9.1495
-14.9780
-18.3586
-13.3507
-13.6424
-20.4272
-14.7485
-75.5734
-78.3379
-74.4229
-77.0329
-78.3379
-76.9568
-78.3379
-78.3379
-75.7549
-78.3379
-65.0516
-65.9759
-66.7557
-65.1060
-66.7145
-63.7984
-63.8341
-64.1949
-62.3446
-65.2757
-25.9044
-24.9879
-25.0207
-25.9044
-25.9044
-23.2774
-25.9044
-25.9044
-25.9044
-23.2774
-5.3666
-9.0559
1.8323
0.3007
-2.3968
-3.3621
-3.2508
-2.6092
-0.4197
-6.4682
-100.8236
-100.4434
-92.8375
-97.5300
-92.7137
-91.8459
-95.1362
-101.8972
-106.4373
-97.1637
-21.4561
-20.6662
-22.9541
-21.4561
-21.4561
-20.6662
-21.4561
-21.4561
-20.6662
-20.6662
-58.6776
-66.1177
-58.4347
-63.6214
-56.5245
-58.5952
-57.4058
-58.5935
-57.0686
-66.3692
-22.3405
-23.8197
-22.3405
-24.7283
-22.3405
-22.3405
-22.3405
-22.3405
-23.8469
-22.3405
-134.6591
-164.4997
-138.9400
-151.0072
-147.4412
-147.8618
-147.1141
-164.6025
-157.1575
-136.7949
-40.2480
-42.8751
-45.2778
-48.0042
-40.4558
-43.4576
-47.2381
-37.9038
-40.2071
-38.6549
-79.1880
-77.8397
-80.6343
-67.8933
-76.2380
-81.7105
-75.2513
-83.5031
-85.2941
-87.9602
-10.3726
-10.3726
-12.3056
-10.3726
-11.2270
-10.3726
-10.3726
-10.3726
-12.3056
-12.3056
-1.5082
-5.3679
-7.5068
-2.5260
-1.5702
-0.9019
-4.0460
-2.1785
-5.5199
-2.3364
-50.2517
-52.2074
-47.8615
-49.6690
-48.2528
-52.6182
-46.1125
-50.5913
-49.8009
-49.6595
-0.9004
-1.7939
1.9331
-0.2890
-1.0618
-0.2794
0.0245
0.9239
0.6349
-2.2558
-2.0173
-0.8452
0.3319
0.4583
0.3849
4.0343
1.4147
-0.4317
-1.0048
0.2406
-69.9351
-72.5414
-71.1170
-72.5414
-65.2438
-71.3836
-72.5414
-69.7262
-71.1170
-72.5414
-58.7887
-58.6472
-59.3689
-60.7061
-64.6895
-53.2322
-65.3169
-53.3690
-58.9444
-63.3263
-170.7095
-166.4010
-164.8891
-168.4728
-168.1163
-171.9758
-169.3927
-167.6068
-153.2936
-171.5167
-22.4604
-21.6612
-19.8659
-22.4604
-19.8447
-22.4604
-22.4604
-21.6612
-22.4604
-22.4604
-60.2349
-60.2349
-58.8906
-69.8593
-60.2349
-60.2349
-67.4823
-60.2349
-60.2349
-60.2349
-57.6502
-57.9467
-55.5145
-58.4240
-56.2053
-55.1575
-52.7673
-55.0307
-57.8460
-56.1102
-106.6358
-109.3849
-106.7060
-113.1882
-108.0987
-98.9433
-105.4330
-116.8512
-119.6457
-108.6988
-190.3019
-183.7587
-180.1028
-180.6080
-181.9626
-183.7587
-181.2662
-173.3599
-183.4529
-178.5954
-14.7088
-14.3839
-17.3377
-15.4276
-15.5399
-15.1361
-14.8847
-17.5978
-15.5700
-15.3520
-12.7296
-14.7441
-13.4111
-10.4723
-14.0473
-14.6328
-15.3483
-16.2626
-14.4427
-14.8928
-19.8800
-19.9533
-21.0522
-20.7433
-19.2804
-20.1363
-19.4244
-20.6753
-21.1383
-19.4459
-193.8004
-187.6659
-196.0291
-182.2033
-193.2115
-194.6415
-193.0147
-186.9990
-189.6490
-189.5904
-136.5525
-140.3426
-139.7710
-141.4233
-145.2522
-150.4283
-136.2136
-137.0178
-144.8982
-142.6187
-33.0751
-34.4628
-39.8777
-35.5462
-34.1197
-34.3484
-32.5028
-34.2382
-33.4918
-32.2181
-92.5197
-102.5553
-97.9449
-103.0758
-100.0085
-97.2236
-107.7134
-101.9564
-94.8793
-97.0756
-13.6306
-13.6306
-13.6306
-13.6306
-13.6306
-13.6306
-12.3033
-13.6306
-13.6306
-13.6306
-20.8633
-14.2776
-18.1455
-14.4707
-13.3928
-13.6786
-16.1150
-14.9135
-16.3776
-14.4244
-4.1938
-3.2665
-6.1358
-4.6654
-5.9568
-6.5886
-4.2169
-0.3173
-6.8663
-5.2812
-3.3281
-4.5085
-0.1703
-4.7491
-0.7775
-3.8056
-1.0538
1.9676
-1.4047
-0.4166
-174.7369
-175.1676
-172.8680
-175.5292
-169.8330
-184.2888
-171.6329
-181.2538
-184.2888
-169.7233
-72.8368
-74.8709
-67.7291
-67.7291
-71.4966
-71.4729
-72.8132
-71.4729
-67.7291
-72.7611
-11.1321
-11.1972
-13.8322
-13.0176
-11.6574
-16.6013
-14.0998
-13.0676
-15.4902
-13.7303
-12.2486
-13.6119
-13.6119
-12.9930
-16.2637
-14.3359
-13.0235
-15.1684
-16.2637
-15.8144
-57.0696
-53.6998
-54.3144
-54.1114
-54.3773
-56.5643
-52.7438
-60.7135
-53.5014
-57.4120
-53.4775
-44.2759
-49.3014
-49.2016
-51.0224
-45.5312
-52.2976
-50.9093
-56.5624
-44.3469
-36.5652
-38.6378
-37.8652
-32.8343
-39.2935
-40.7196
-39.3887
-38.8664
-42.6665
-37.9169
-49.7439
-47.9649
-49.8586
-50.4477
-52.4869
-49.2318
-46.5850
-46.2311
-46.5859
-47.2612
-43.3834
-59.2027
-46.6697
-55.6947
-46.7418
-42.3542
-49.2664
-52.0390
-51.2614
-57.4909
-56.1920
-56.1375
-57.3193
-55.5063
-55.4129
-57.5597
-54.5023
-53.4257
-55.1562
-54.1123
-41.9618
-39.7094
-42.8071
-42.4742
-37.1715
-39.9683
-40.1446
-41.4411
-37.6839
-39.1170
-13.2477
-13.3144
-11.5163
-13.8236
-10.3762
-8.5479
-11.5529
-14.0037
-11.4330
-15.5068
-108.4831
-111.3621
-109.3578
-129.1064
-120.0607
-121.0452
-109.3842
-108.0260
-111.7357
-115.9773
-11.7681
-11.8214
-11.2154
-11.4868
-13.7113
-10.1964
-12.2430
-10.9190
-12.9123
-11.9413
-48.0626
-51.4556
-50.6671
-48.3080
-42.8102
-48.6716
-51.9554
-53.5712
-51.4448
-44.1599
-42.4662
-36.2211
-41.6201
-36.3346
-37.8395
-34.5418
-31.1096
-37.6046
-39.1072
-38.0418
-35.7203
-36.3511
-37.1057
-39.0963
-37.8063
-36.8848
-33.7630
-42.3353
-39.3510
-38.3354
-56.5004
-57.7303
-56.3757
-57.6194
-56.5361
-60.5523
-56.2080
-57.3628
-56.9861
-58.8412
-13.5293
-12.8521
-12.4489
-11.7558
-12.1344
-14.1078
-12.4936
-12.7975
-14.0871
-12.5116
-30.0026
-38.3925
-33.9829
-39.2700
-34.5136
-30.7998
-31.9005
-37.8562
-32.4797
-33.8999
-52.7530
-57.8495
-54.5774
-57.7409
-55.4608
-55.7079
-55.3128
-57.3391
-56.3509
-56.7835
-67.8668
-66.1977
-67.9885
-65.1092
-67.8902
-67.8902
-66.5933
-67.6093
-63.1195
-67.5273
-132.7362
-144.0735
-137.2951
-125.6263
-121.4220
-124.0376
-126.8051
-121.3898
-133.5974
-107.9204
-5.4069
-5.5235
-4.0757
-7.2491
-8.1845
-2.7016
-6.5410
-3.0237
-4.8038
-7.3803
-58.7919
-58.7919
-58.7919
-58.7919
-58.7919
-58.7919
-58.7919
-58.7919
-58.7919
-58.7919
-6.9910
-4.1857
-6.4484
-4.6186
-2.3922
-5.3349
-7.3617
-7.8216
-4.1659
-5.3005
-37.6180
-37.7445
-29.2187
-33.2171
-32.0479
-33.6211
-39.4189
-39.7235
-34.7410
-35.9667
-134.2744
-135.3523
-139.2224
-143.0793
-129.6620
-159.6422
-150.3866
-143.8392
-148.5134
-136.9030
-53.1010
-60.3220
-54.2449
-54.9379
-60.5699
-55.9432
-55.4750
-56.4894
-61.9772
-55.0463
-6.6920
-2.0567
-4.0338
0.0790
-6.3787
-4.8283
-1.7692
-6.1153
-4.9747
-4.2522
-89.0246
-90.4265
-98.0087
-97.1552
-93.7994
-90.4759
-90.3908
-98.8280
-91.3652
-88.7946
-151.9652
-151.0542
-154.4053
-155.1650
-150.0628
-154.2411
-151.7158
-155.3259
-154.1059
-150.9673
-38.0585
-41.0864
-44.5071
-39.6844
-41.8529
-38.0585
-40.0581
-40.0581
-39.8534
-40.2628
-32.1860
-34.3042
-46.2026
-37.8549
-37.7014
-33.5621
-36.6341
-44.1194
-39.8322
-33.7981
-47.1132
-42.3022
-44.8079
-36.3517
-40.5982
-42.6259
-47.5350
-40.4884
-41.8771
-41.7354
-138.2213
-164.3774
-145.8754
-152.7786
-154.4312
-134.6986
-160.1350
-152.8941
-134.1788
-131.1137
-112.4620
-114.4762
-112.1601
-117.7356
-120.1059
-113.3806
-119.7325
-112.0030
-124.9404
-110.1369
-136.5800
-133.7739
-136.3473
-130.2740
-134.9903
-133.6422
-134.2482
-146.7987
-146.8470
-144.3088
-17.9132
-17.6691
-14.8078
-16.3901
-15.9558
-15.5162
-18.0695
-15.7622
-17.4948
-17.8101
-72.4066
-67.9623
-76.7033
-72.6738
-67.6639
-69.1639
-78.0525
-75.9180
-77.2689
-69.5246
-37.4284
-40.9956
-39.8885
-38.9658
-33.2126
-35.3917
-32.9363
-37.1757
-38.6037
-35.7339
-49.3828
-49.4312
-50.9133
-50.9598
-50.5558
-52.5360
-47.3905
-49.6481
-52.2483
-52.5527
-46.5361
-47.4219
-45.0765
-48.2867
-46.9035
-50.3133
-47.6056
-51.5766
-43.5314
-53.0688
-50.3863
-48.1452
-43.0882
-40.4119
-45.5178
-42.0433
-50.4119
-53.1371
-51.2008
-40.8867
-5.1699
-8.3684
-3.6732
-2.4859
-1.2141
-8.5183
-9.9616
-5.6266
-3.3527
-6.9398
-49.0508
-51.7030
-48.7509
-50.4732
-49.3360
-51.3178
-47.8981
-51.1381
-49.8258
-51.3820
0.4415
2.3067
-0.6385
0.4388
3.6814
1.8802
-2.6048
0.7022
-1.6682
1.2607
-44.6890
-51.8558
-50.4016
-59.0328
-57.9152
-62.1719
-51.1483
-55.5895
-56.6815
-56.4730
-24.0758
-25.0870
-26.4914
-25.0870
-25.8367
-25.0870
-26.4914
-25.0870
-22.2983
-25.0870
-74.8520
-77.8679
-75.0138
-70.4624
-66.9765
-71.9204
-70.2007
-83.8188
-70.1818
-72.3559
-21.8040
-19.9569
-21.8040
-21.8040
-20.8944
-21.8040
-21.8040
-20.8961
-21.8040
-20.9987
-48.5439
-47.3781
-50.8074
-48.0056
-40.9590
-49.2420
-49.0328
-51.0683
-47.4650
-48.5439
-40.1840
-36.7311
-31.5033
-32.4740
-31.0127
-38.0424
-37.0149
-33.8641
-35.1066
-33.4767
-12.2272
-14.5118
-20.2491
-17.2476
-11.3222
-15.4673
-16.4568
-12.9605
-15.1250
-12.7454
-7.0258
-8.8128
-7.0258
-7.0258
-8.5052
-8.8128
-7.0258
-7.0258
-8.2461
-7.0258
-49.9313
-53.3770
-47.8564
-51.7943
-52.4893
-52.0975
-49.4769
-53.2322
-49.5303
-49.8751
-65.8001
-68.7142
-70.0519
-68.4706
-72.4617
-69.9617
-75.5196
-69.9057
-71.4066
-71.3165
-111.7572
-111.1196
-105.9285
-112.9906
-115.7606
-107.5324
-116.2441
-106.4079
-103.1686
-116.8625
-110.8333
-115.6328
-122.8635
-118.2991
-128.3227
-118.4630
-115.7967
-108.5593
-117.6004
-115.3819
2.7063
-1.4589
1.3299
3.9277
1.0955
2.3292
-0.8531
-1.7325
0.5127
0.4372
-35.5459
-36.2834
-42.1682
-35.9338
-33.0041
-35.1308
-40.9091
-39.0000
-34.8640
-43.2279
-44.8271
-43.2322
-52.0163
-41.1229
-47.3505
-44.8763
-45.1046
-47.3963
-44.9629
-44.8585
-57.4506
-56.5967
-56.3321
-57.2951
-53.5605
-56.4585
-55.8702
-57.5743
-55.0263
-56.2694
-98.7554
-131.2590
-139.7953
-143.1908
-135.4031
-143.8086
-154.0404
-122.9347
-102.9491
-130.3752
-15.6852
-8.2840
-10.3440
-11.6689
-13.4848
-12.8128
-11.2967
-12.1938
-6.5820
-10.0565
-150.8368
-136.0388
-148.9854
-151.0796
-149.4537
-129.1190
-134.0010
-136.3597
-147.7974
-145.1830
-35.7777
-32.7117
-30.3596
-31.0580
-33.4979
-29.4703
-27.3506
-32.4676
-27.2348
-28.9794
-19.4553
-19.7952
-17.1014
-21.7564
-20.4450
-18.0859
-20.1220
-21.5382
-18.9174
-19.5249
-51.2612
-41.0539
-39.8106
-42.7507
-34.8564
-44.7391
-38.6687
-41.9434
-41.0036
-41.8676
-177.6443
-171.5579
-169.6130
-169.9474
-173.6253
-168.5917
-163.2420
-170.3049
-173.5889
-173.7428
-35.1072
-35.3184
-33.1788
-29.1471
-33.1848
-32.2144
-32.9676
-33.4827
-31.3068
-37.2651
-8.7589
-9.0160
-12.5651
-15.4231
-13.1799
-9.6348
-11.6015
-12.3810
-13.8234
-11.5084
-171.0054
-171.0054
-168.2662
-171.0054
-171.0054
-171.0054
-171.0054
-171.0054
-159.9195
-171.0054
-35.3657
-37.0803
-39.6045
-36.2846
-35.4555
-38.3160
-38.5120
-36.8747
-38.5661
-37.5222
-25.5091
-25.5091
-25.5091
-25.5091
-26.3552
-25.5091
-25.5091
-25.5091
-25.5091
-25.5091
-38.4271
-39.8341
-41.0711
-39.3170
-40.4561
-40.0249
-42.7848
-39.6687
-42.2181
-42.9692
-56.2199
-62.9756
-52.6067
-61.6406
-50.6815
-48.7458
-52.4082
-56.7188
-49.1797
-50.8976
-8.9260
-7.6153
-2.0572
-8.9018
-10.9546
-4.4997
-9.1722
-2.1522
-7.2152
-12.9755
-20.7369
-20.2203
-18.0902
-21.2679
-21.5186
-19.5254
-20.5914
-21.0356
-20.4783
-18.7608
-174.7524
-181.2607
-179.3781
-184.9110
-172.9897
-176.0341
-185.4570
-174.5260
-173.9701
-173.7737
-136.9088
-131.2221
-137.3280
-144.0080
-142.5955
-133.8513
-129.1443
-129.1989
-142.6228
-129.0440
-9.6362
-5.8301
-5.9574
-9.9715
-8.7178
-7.7959
-12.7007
-9.3399
-11.2642
-8.0247
-42.9615
-46.7212
-41.7774
-40.9069
-41.2501
-41.5605
-44.4552
-41.1705
-39.2081
-43.0720
-20.9174
-20.9174
-20.9174
-20.9174
-20.9174
-20.9174
-20.9174
-20.9174
-20.9174
-20.9174
-12.7420
-14.0889
-17.7373
-15.7127
-17.7742
-19.4322
-14.3604
-19.0560
-15.6805
-15.7623
-22.5120
-22.3234
-22.1034
-21.8809
-21.9390
-21.7060
-21.0750
-19.8181
-21.0058
-20.4341
-14.9307
-14.9629
-8.9248
-16.8490
-13.8130
-14.0335
-11.6539
-14.7102
-12.2288
-15.9195
-72.0156
-72.0156
-72.0156
-70.3896
-72.0156
-72.0156
-72.0156
-72.0156
-72.0156
-72.0156
-30.7486
-36.8690
-36.2571
-35.1074
-37.9783
-38.7571
-34.8289
-42.9182
-38.7380
-36.3878
-62.2708
-62.2708
-62.2708
-62.2708
-62.2708
-62.2708
-62.2708
-62.2708
-62.2708
-62.2708
0.0457
-3.7698
-0.1712
1.2211
-0.1513
-0.5655
0.1079
0.2238
-1.3148
1.5935
1.7388
-2.0534
-0.3153
-1.6953
-2.3846
-1.8701
-1.9492
-1.1006
-2.3048
-1.5515
-13.1567
-17.6979
-14.0885
-13.9606
-17.6248
-13.1567
-18.4304
-15.8342
-13.1567
-17.6979
-17.8449
-13.0680
-17.5855
-16.4149
-14.6000
-15.7561
-15.8019
-17.1731
-20.0207
-16.1698
-3.6486
-7.4480
-2.3137
-2.6149
-4.6165
-5.2555
-1.8159
-2.0925
-4.6932
-6.1274
-137.2267
-133.0798
-135.8659
-140.3628
-135.9146
-139.3513
-136.8514
-134.9652
-129.6180
-141.4558
-66.5684
-65.4282
-65.4282
-66.5684
-69.0953
-65.4282
-69.0881
-69.1195
-67.9406
-70.4916
-8.3318
-10.6186
-7.6329
-10.9394
-7.5494
-8.7231
-7.6329
-8.7902
-7.3300
-3.4620
-44.2505
-44.2505
-42.6372
-42.6372
-41.0855
-42.6372
-44.2505
-44.2505
-43.9780
-42.8456
-57.6765
-70.2388
-53.1088
-57.6130
-60.2324
-63.0851
-51.1163
-58.4997
-54.8539
-58.7364
-156.4184
-153.8972
-156.4184
-156.4184
-156.4184
-156.4184
-153.1144
-156.4184
-156.4184
-156.4184
-99.9358
-129.7261
-115.5512
-115.5925
-88.6646
-102.2019
-122.9506
-93.1052
-115.4181
-113.8814
-11.4196
-12.6229
-9.7933
-12.5518
-13.3164
-13.3797
-11.4742
-10.6351
-19.8259
-15.7316
-13.9735
-15.1675
-12.3512
-9.7301
-9.7447
-12.1468
-13.8989
-15.4972
-12.9459
-11.6234
-51.4484
-45.7930
-49.4668
-55.6969
-53.2539
-54.3952
-55.1710
-54.8823
-54.9044
-52.6543
-156.0613
-151.7195
-160.1184
-152.6044
-158.5437
-153.4455
-157.5937
-153.7106
-154.2540
-157.1691
-41.5034
-38.8294
-39.2982
-40.3650
-44.3456
-43.6259
-36.8702
-41.0972
-39.4337
-40.3516
-164.4109
-155.2265
-159.3311
-154.5074
-160.7795
-164.8790
-158.1879
-168.6579
-162.7216
-162.1177
-40.2956
-43.0835
-43.3725
-40.2956
-40.2956
-42.0271
-40.2956
-40.2956
-40.2956
-40.2956
-15.8031
-15.1823
-14.7924
-14.1330
-14.7252
-16.5184
-11.9125
-14.5189
-13.7577
-15.3267
-8.3379
-5.6389
-6.5975
-6.0053
-4.2407
-6.6269
-5.7792
-6.8174
-6.5593
-5.4451
-59.7478
-57.6267
-57.4188
-63.3820
-58.3211
-58.7130
-56.5588
-62.6838
-60.4487
-56.8191
-60.7526
-49.5303
-45.9495
-54.4107
-57.0222
-56.7443
-54.7672
-52.8089
-56.4374
-55.0030
-44.0194
-43.2316
-41.0875
-38.7905
-44.9074
-35.9300
-40.3998
-36.4757
-35.7853
-38.6944
-15.5357
-17.8201
-15.5920
-19.0397
-16.3303
-15.4795
-17.6971
-16.6252
-18.7245
-14.5816
-43.0026
-42.7050
-41.5336
-39.7648
-42.9718
-41.5336
-41.5336
-42.9718
-41.4226
-43.1891
-174.9509
-178.1632
-178.1632
-178.1632
-178.1632
-174.9509
-178.1632
-175.3268
-178.1632
-174.9509
-18.5403
-17.9029
-17.7023
-17.4014
-16.4908
-18.6877
-16.2788
-18.0341
-14.9145
-16.9040
-32.9292
-36.5894
-36.3361
-32.4112
-33.5537
-33.4936
-30.3941
-32.4534
-33.0123
-32.5245
-176.9865
-176.9865
-176.9865
-176.9865
-173.0858
-176.9865
-176.9865
-176.9865
-176.9865
-176.9865
-116.0547
-116.4684
-109.6510
-112.9040
-102.6439
-101.4429
-106.6212
-118.6921
-115.6255
-103.1966
-20.4472
-20.4472
-19.6064
-20.4472
-20.4472
-20.4472
-20.4472
-17.8031
-16.9557
-20.4472
-59.1956
-62.7087
-61.1485
-62.4166
-59.7080
-59.9108
-61.3374
-63.1299
-62.4249
-60.2536
-6.8020
-7.0422
-9.0471
-5.2677
-4.4747
-3.9674
-4.8681
-2.8521
-3.3312
-5.4615
4.6141
0.0675
1.5950
-2.7897
-0.9296
0.0102
1.1007
1.4632
1.2508
1.1210
-35.2415
-34.8478
-37.0201
-34.8239
-34.9291
-38.9988
-37.1047
-36.8953
-39.5557
-41.1347
-12.0658
-9.9443
-9.9358
-13.0963
-12.0759
-14.0779
-13.0963
-13.1097
-8.9525
-13.7681
-45.0077
-42.9703
-44.5313
-43.5058
-44.7682
-46.0228
-43.9777
-45.8282
-44.0563
-44.8691
-61.9231
-52.0414
-70.3515
-66.5685
-73.1622
-62.7624
-63.0179
-57.8207
-71.0116
-67.8106
1.8367
-1.1814
1.5176
-2.5929
1.1722
2.7406
-2.3493
-2.5016
-1.2869
-1.0153
-37.5721
-42.8802
-38.1702
-41.9646
-39.0193
-41.1608
-33.3763
-37.8329
-33.6691
-37.6972
-55.6011
-52.3258
-52.0541
-49.4350
-51.0952
-49.9464
-48.5598
-47.6347
-49.3720
-52.8137
-65.8824
-66.8542
-64.6037
-63.3835
-64.6792
-66.0773
-68.2985
-66.0773
-63.3835
-69.5601
-39.7811
-34.7163
-34.1874
-36.6434
-35.5226
-42.3274
-37.0551
-37.0347
-37.1329
-38.8261
-66.5652
-62.9585
-65.8589
-69.8432
-68.3333
-65.5716
-61.3974
-69.6410
-66.8453
-64.2662
-3.9671
-7.6010
-4.6561
-4.7623
-2.3734
-4.3049
-4.4818
-7.2185
-5.9547
-2.6378
-17.8889
-17.8889
-16.2739
-16.4663
-16.2739
-16.2739
-17.8889
-16.2739
-17.8889
-17.8889
-67.3271
-67.3952
-68.4536
-66.3715
-65.5458
-63.8878
-66.7535
-67.4111
-68.8141
-68.8729
-61.9211
-54.8432
-54.5726
-55.2646
-54.1522
-55.2938
-55.2834
-55.8359
-59.9687
-56.1008
-117.7750
-117.1505
-121.5248
-117.5926
-120.2749
-121.9395
-118.6393
-113.5268
-118.1731
-115.0363
-71.0058
-78.4139
-79.4319
-87.7002
-82.7694
-86.3751
-75.8433
-76.4592
-84.7733
-82.8526
2.0157
-0.6720
2.5846
0.6805
2.3819
-0.2493
0.3590
2.0840
-1.7129
1.3631
-128.4518
-118.1652
-125.5356
-124.3866
-151.4832
-150.0870
-151.6252
-138.5094
-121.9465
-134.6228
-134.9086
-132.0673
-133.6720
-131.6941
-133.5957
-132.1487
-136.2572
-134.9986
-133.2904
-134.1368
0.1075
1.1340
-1.8960
-2.1784
-1.5008
1.3612
-2.6821
1.8907
0.3641
0.4256
-32.2615
-30.6966
-32.6013
-30.6966
-30.6966
-30.9771
-32.6078
-44.8163
-49.9342
-36.2660
-11.2615
-9.7310
-12.0802
-14.4974
-10.6115
-11.2508
-12.2718
-11.4107
-10.4038
-12.6099
-2.5704
-1.1553
-1.0282
-2.4232
-1.9305
-4.6470
-4.5844
-4.6344
-2.4955
-3.8616
-104.3545
-96.5127
-94.6116
-100.1229
-92.3805
-91.1715
-100.1414
-108.6315
-97.3243
-96.7468
1.6447
1.7275
2.0373
-0.7242
0.4781
-1.0932
0.0842
0.6121
0.5333
1.6424
-14.2077
-12.3122
-16.3659
-15.0443
-16.9191
-16.2817
-12.2393
-10.6337
-12.7812
-12.7899
-13.2009
-13.2009
-13.2009
-11.8292
-17.2235
-13.2009
-13.2009
-13.2009
-12.2998
-13.2009
-24.1162
-24.1162
-24.1162
-24.1162
-24.1162
-24.1162
-22.7078
-24.1162
-24.1162
-24.1162
-66.8046
-63.8681
-67.1346
-67.6431
-64.3703
-71.1044
-69.6609
-66.4629
-68.1164
-67.5962
-51.8214
-51.8214
-51.8214
-51.8214
-51.8214
-51.8214
-51.8214
-51.8214
-51.8214
-51.8214
-1.4607
1.3431
-1.9846
5.2619
-0.3959
2.1716
-2.2020
0.8768
1.3462
1.1267
-83.1917
-83.1917
-83.1917
-83.1917
-81.7313
-81.8640
-83.1917
-83.1917
-83.1917
-83.1917
-62.0010
-58.8681
-58.7923
-58.8681
-58.7923
-60.4598
-60.3082
-60.2577
-57.2006
-57.2259
-8.5822
-12.1546
-9.7030
-15.7080
-10.1197
-6.4440
-10.2402
-9.6824
-8.2276
-6.8865
-37.8360
-34.5240
-35.5297
-31.7496
-38.6336
-29.7035
-28.2122
-34.3680
-30.8653
-32.8767
-77.8819
-78.8720
-78.8720
-78.8720
-78.8720
-76.5912
-75.8310
-78.8720
-77.8819
-78.8720
-19.8075
-18.0581
-14.5964
-6.5830
-16.2448
-19.8500
-12.0493
-13.8945
-8.7897
-20.3020
-36.8483
-32.4166
-31.0089
-36.8092
-42.3749
-43.1309
-39.0772
-21.3243
-41.7623
-42.0490
-44.1790
-46.4325
-44.7047
-46.6406
-46.8488
-48.7848
-47.5722
-44.1478
-43.0653
-48.4517
12.2264
13.2091
12.4167
13.3766
8.4337
11.7150
8.7164
13.0921
11.7098
7.2817
-75.0430
-70.9011
-73.9315
-74.0241
-75.5459
-75.5591
-71.8142
-73.1507
-76.3001
-74.0373
