1598
2019
1495
1794
1495
1598
1784
1576
1495
1495
3934
3371
3360
3020
2831
3364
3331
3866
2503
3070
3779
4021
2390
3595
2845
3569
3476
2261
3484
1910
2850
3246
2858
3803
4092
2225
3390
3513
3374
3200
3316
2846
1679
3238
3093
3071
2851
3518
3654
3930
2463
2954
4325
3604
2620
3281
2620
4215
3177
3401
3912
3129
3215
3794
2410
2226
2620
3994
3913
3264
2869
3385
3050
3753
4072
2954
3383
2198
4053
1791
2019
1837
2612
3611
1839
2672
2689
2303
2828
3210
161401
74915
115782
172504
148237
124901
109818
101591
125495
142171
3405
1874
2763
1802
2943
721
2022
1842
2621
2558
908
490
998
1175
1069
731
803
1238
1229
1074
860
1051
1022
381
1120
1175
1005
853
613
525
125894
125708
125894
81019
125894
122789
123907
125894
115087
123907
5165
4280
3375
4045
5165
4300
5065
4580
4825
4110
15495
12585
11015
13325
15495
13415
15495
12460
10785
11145
8435
10503
8163
8947
10307
7985
8261
6560
10798
9705
13318
13744
15571
10605
9565
13484
16798
16249
15314
12372
6588
38
7911
5614
6853
7819
2090
6154
7936
4594
6860
5610
5403
5143
5044
4238
4408
4866
7173
6223
153943
149170
138877
163715
99392
136569
163715
148030
138832
84303
153943
149170
138877
163225
132109
155880
145020
127937
132462
135558
111874
113003
123898
105291
161556
129040
94066
128827
137960
140788
111874
113003
123898
105291
161556
129040
94066
128827
137960
140788
581043
766321
1123047
611603
663932
597988
530443
632463
626227
603376
529431
642186
753569
634599
403476
503985
547211
633039
551849
646813
3392
3814
2534
3137
1772
3531
1948
4070
3428
2541
1702
3213
2413
3170
1492
1940
1223
3447
1591
3280
3637
3140
2807
3715
3330
2896
2729
3919
3652
3400
3415
3823
3034
4843
3210
3244
2587
2541
3637
3340
3415
3823
3034
4843
3210
3244
2587
2541
3637
3340
3037
1151
2269
1653
2639
1653
3932
2671
2154
3408
3037
1151
2269
1653
2639
1653
3932
2671
2154
3408
3037
1151
2269
1653
2639
1653
3932
2671
2154
3408
3710
2901
3802
4114
2658
1151
5005
4962
4730
5261
2703
2972
3810
3870
5691
5185
5173
5201
3555
2819
2703
2972
3810
5038
4999
2942
4481
5362
3968
3861
2703
2972
3810
3870
5691
5185
5173
5201
3555
2819
2703
2972
3810
3870
5691
5185
5173
5201
3555
2819
3258
6813
6615
6507
4949
6296
5746
5779
6147
4111
6138
6546
6138
5031
5814
5952
5797
6025
5069
3957
6138
4726
5453
5339
6268
6107
5944
6630
5940
6410
5846
4826
5276
5938
7099
4850
5268
6620
6474
6864
4054
5054
5001
5681
5208
4994
3341
6826
5847
4046
3969
4289
7275
7365
5124
6507
4711
3694
7639
3981
3969
7157
7115
5828
8045
8080
6192
7313
6238
5335
7175
4600
4748
7074
7943
6613
3901
7333
5028
8797
3877
6493
4556
6826
3836
7065
4297
3052
3944
4861
3818
6021
7830
5739
6499
7025
4228
5030
5016
5309
3306
3643
3270
5800
7087
4805
4003
3650
4805
6537
7708
7681
5683
8031
8274
6298
6540
8292
8446
8230
7119
5782
5416
7461
7173
8413
9124
6713
4442
7587
7119
5782
5416
7461
7173
8413
9124
6713
4442
7587
3378
4102
6360
7570
9656
7359
4695
7876
5115
6985
7548
7133
6087
6864
6547
7046
6542
4910
6929
5431
8929
7567
9058
7379
6706
8442
7158
8709
7445
7500
3114
3405
3220
3241
1537
2147
2575
3188
4008
3712
5251
5251
5251
5251
5251
5251
5251
2126
2464
4086
2773
1822
1983
1814
3858
4263
2096
4449
4460
3338
4243
1440
1481
1842
1691
3849
4307
5971
5424
5272
5639
6398
5835
6411
5835
4926
5437
5692
5587
2401
2676
2651
5741
4870
4745
1960
2966
7024
8561
7978
2232
7394
2611
7995
282
8554
8192
6620
2645
7569
7127
6925
2032
1675
7599
7876
7730
33944
35840
24114
30125
21033
21148
35893
23193
23965
34421
43514
37538
46492
43268
46980
40114
50862
48946
41600
36579
41875
34796
42165
39120
44835
44297
41220
41034
45756
34157
99656
99058
103455
105215
90175
107255
105921
100145
98889
102780
186559
185377
191521
195764
211653
180583
198647
197523
102537
103358
104480
98028
98039
94116
105473
99056
99417
100570
22682
23198
23035
189427
180141
193044
189692
189172
172626
186752
185716
188447
189117
188938
209808
185172
200803
97784
98351
26522
105840
24053
21561
23354
31169
97451
22559
97585
89107
106965
102467
101657
97766
168120
94087
99187
106961
8950
11928
40236
11854
11462
11906
14933
12615
12375
5476
86061
85618
56352
53199
53055
81774
49708
55931
90727
49301
23485
31905
23396
30514
24187
23716
21677
36187
29785
20524
7224
5860
22821
5746
195954
190848
183592
198624
199495
204019
196166
178334
175831
204092
34403
39285
38224
36647
25035
25098
28365
36626
22924
23822
35617
38888
37413
37350
42398
38312
38134
37344
39412
39858
97517
100849
84014
90547
100290
102861
95157
112594
91046
109444
182704
173560
20920
18756
19233
21085
184471
20531
25178
19121
95440
14287
90622
89674
15662
107143
93267
101052
93897
13374
98464
19313
7382
102199
106834
99962
97801
14097
94647
13036
36059
41672
39256
40690
45006
37734
42816
39880
44130
40963
185371
182260
192663
191667
181486
197283
180037
188494
199351
185449
210088
211565
192216
206840
191568
191688
196023
11984
38166
41530
41005
39642
37849
39296
38400
36649
34627
40466
40893
43080
51297
40567
42140
45819
45936
39960
43599
42586
190459
188270
194252
192335
186516
202490
209601
197057
199414
192423
38108
43434
38738
47504
47775
42722
38493
66503
40999
36882
42186
45177
54121
43702
45176
41525
50504
42983
43326
47090
197876
188302
198615
182929
201446
188491
222487
183546
194107
186126
99617
105268
108582
121214
103307
91714
127128
98857
88469
93838
201568
193694
189814
194261
194739
192568
204130
190651
191868
197828
190486
213626
245101
198917
198037
178414
197756
189414
182054
182515
48185
43446
41166
41552
40139
47056
40774
38456
47268
40331
102637
101752
103998
103541
107906
93967
102457
88011
70725
92140
338696
194407
186184
188846
178365
197706
346036
193162
344705
332073
35338
48294
38195
38684
51028
39829
37307
40600
38025
41567
37213
36817
37673
46492
33798
32396
45072
50502
34189
46027
32618
15713
39968
18623
15263
37264
38140
40302
16743
40753
191530
192508
176350
196222
187999
179816
198011
199469
251174
202079
8104
12260
12613
9179
12486
10052
9402
38338
14026
12613
7185
12281
5675
8466
7343
25889
25595
6097
6097
8323
99342
98805
104616
101257
103984
89851
109784
98250
99227
102840
13244
45299
14039
14894
9850
15149
8166
13445
38375
11322
6351
5730
7109
8845
3388
6262
7780
5291
21637
5097
189579
207565
201107
197363
186080
193057
209782
195383
182849
208657
36280
12433
11435
8442
15022
12588
11375
33487
34092
9915
97422
102140
88201
96288
97801
102015
100934
96391
95288
101105
48305
39405
44558
44488
37435
45812
46954
46333
43194
39246
165626
92733
45889
44099
45641
42086
45934
41507
43208
38419
45079
44957
44980
44809
41869
42959
47088
39296
41799
45622
46547
12518
36833
43649
63828
38766
41743
46313
44340
45058
43392
39583
189954
196289
199122
191046
180602
201215
327196
190729
178309
191045
190992
191015
197096
206252
249752
184073
184770
188237
205374
187199
190092
192437
186776
193619
183385
200340
188563
185984
190840
184635
189295
177672
183612
186398
178550
196706
202818
190433
206784
186839
11636
13823
41819
38893
8701
9126
12394
10932
40923
46751
38127
36084
39571
46506
43594
42071
38391
34969
39752
41652
48853
50804
49946
80887
40222
48150
39297
46985
39949
49377
47439
49225
46997
46297
19570
35945
43255
12513
17694
40502
17593
43838
43857
43288
20118
85205
14725
18292
18459
17698
17486
11739
96264
18514
38376
27863
27956
25332
25178
36421
24202
34383
34365
33587
93915
94878
87438
106169
99617
95160
90326
91444
88981
91774
92048
104791
94509
94416
91544
93458
93097
97595
98868
93793
86670
93203
93278
17335
96759
17434
15784
12834
17766
13017
91070
105208
93713
92364
101943
97347
94386
51725
53969
53588
48708
91328
22816
19842
13431
22055
174538
24729
38404
38836
42052
46417
39693
36252
46189
43047
45688
44473
197926
201045
195083
190837
192010
195467
194843
192032
198277
195965
36381
39630
35632
39912
37681
23326
33870
25614
38629
32341
12718
43420
10621
12764
13696
40454
47179
12958
11040
43616
101082
89997
106409
101706
103615
105840
99987
99302
41389
37363
39830
55571
41864
43190
42030
42595
42733
40528
43504
50334
43772
45292
51528
44169
49807
34157
47821
52932
86848
106096
103717
99452
98078
105673
110151
93916
108212
102681
202011
247330
201617
188189
193363
203652
192011
197844
196908
204222
103800
106410
98250
87289
164490
91487
90261
96675
112922
109181
9372
100501
102348
93494
99982
93847
89801
98479
92422
102486
102729
189317
187551
183061
202459
200309
173864
204599
194304
108065
199824
108954
76473
98535
92748
84821
97664
94835
106031
107272
113237
194521
185061
192116
208790
199257
192565
196615
186454
197449
189187
206354
202282
193939
192463
202398
210753
105723
121365
104855
97899
98907
108512
96923
105120
91171
128345
105174
95374
102797
89209
91831
90960
96267
88382
105141
103293
200231
195736
176686
202554
195582
83612
186512
187400
187850
184192
90690
91817
98847
92263
93073
98298
22903
11841
94037
93713
11219
15532
9724
10371
35715
12506
14157
12540
9042
15899
182735
191542
199526
183967
177969
196250
306859
187862
191543
195576
43120
45374
45907
46786
47404
18008
13830
42191
35153
22138
91318
170143
204954
202253
21586
177563
199937
17019
198970
22689
19374
101574
106099
88242
92501
103509
100726
98708
51405
93758
96946
43819
41055
44468
45708
42453
35438
38308
39243
42629
50399
96573
44544
40551
41900
41718
33951
36978
40285
46062
44237
44283
177860
180568
186055
184999
114130
194801
181305
171728
184368
201645
97892
109704
91060
98492
97746
92156
100078
102538
86019
100210
187865
193104
181617
31321
16824
186908
15661
200083
194606
182696
12616
97859
28744
100902
19416
41684
43897
42770
41334
46086
46252
46432
43732
40998
38827
99705
95943
101757
93085
94478
100767
103125
103823
93852
99384
191845
198170
197854
183913
42019
44813
44704
42772
48390
39407
45937
41838
47746
46922
41208
42504
41763
34433
40003
41876
42528
40146
46743
41730
17284
26112
26362
23504
200364
18064
176417
185820
43261
40837
37677
43725
64610
41920
41464
40076
40252
43806
50355
95051
98219
22766
104605
97846
104575
89587
97890
59166
102875
89582
97601
92908
97993
99345
106814
91085
101002
95788
200353
196975
181384
180492
197589
191077
196503
188714
207199
184887
125086
91133
98764
98741
102893
84879
101102
99896
96944
88715
111733
95705
95260
97470
102130
106519
111306
91820
107910
98356
93951
105531
93660
111361
104635
95383
105587
92139
97956
94823
8760
191315
196557
189384
199951
201990
208546
196472
199052
207055
198112
121265
111182
98227
114994
107629
112569
101455
97572
100440
94902
105324
98310
95276
134412
101997
98855
106094
105233
93047
51093
92832
86221
190301
197365
190917
184391
195449
182244
181070
192920
200263
185554
95841
157507
100407
102369
92093
91653
94782
96091
84452
91205
39569
22700
39780
23592
37529
37103
35567
33131
35562
23874
22704
191126
21036
195017
38673
42668
39601
38862
43606
41969
36405
44447
43702
40960
191377
94333
98875
102543
105781
96095
96925
100424
98882
101564
94806
82534
43498
42207
41883
34577
42665
39848
36064
45378
41058
44903
188415
187886
201909
204985
190308
203623
193857
198890
203395
190415
45735
42519
41254
42872
42659
41151
41583
45111
44929
43660
98946
94664
96739
96020
95575
100305
98301
85282
96598
101043
94483
94819
93883
90582
45085
100142
98974
95669
95355
88589
40126
39650
59366
44034
39949
39310
37042
41756
36901
39056
40051
16442
38108
41374
24588
39734
40893
22466
39395
40296
193314
183950
198595
198550
197983
182945
176382
194695
166807
186255
40228
39073
36931
46190
34687
42061
42655
34523
38113
44334
178592
170197
199607
190386
137781
195987
212989
192378
186942
202687
184454
144918
198193
183741
192416
185992
191098
200609
181042
192333
41627
41046
96497
108863
85491
90186
85745
92640
88599
109986
88584
99646
99385
107456
106029
101382
102807
103047
103241
168819
101154
90018
95895
41895
41403
42066
38824
35723
41152
15946
14350
44893
42143
44024
38359
44297
41659
42601
47571
39489
43500
45195
43601
42524
43210
41556
37538
37804
43473
40709
45092
47661
43623
38641
22831
22563
33422
37101
29709
35836
22128
29004
26966
109059
98644
93848
118678
104845
97880
76767
106882
98634
98640
15223
13084
13185
100179
15638
10559
12579
17900
16632
91967
46566
78056
216373
180865
196399
183008
208180
203818
187448
192052
203775
180664
51106
49484
49771
47386
64027
50519
91504
87455
49246
76221
32183
43392
45100
40031
40131
35232
43480
43426
34882
38916
112829
104958
82720
66045
94317
99728
92937
109101
75740
98201
193621
190319
187173
204444
204900
207862
199684
189693
202864
325464
22320
96551
26181
101564
100871
98818
101691
103291
105465
88448
102437
18290
15387
14781
11242
88207
17128
12384
14280
9605
192515
191046
196971
201912
186108
205222
191132
205666
206189
242956
98626
103098
86374
101188
101596
101784
93584
101823
109429
91676
41245
39244
41601
12873
43459
14834
35494
45864
35178
36846
22545
33957
92747
101476
100843
88348
89909
100622
102476
103157
99985
93129
193014
191574
182421
204961
197020
86368
197377
187110
198670
177869
22445
24876
22120
26204
31816
26200
23599
31896
28200
36572
43372
43459
44609
42063
39507
39428
41774
42140
48844
46330
100777
103410
100926
86585
98531
99151
94440
94469
98486
101444
29522
198716
188489
193429
193954
15724
180565
176525
183715
181882
184697
191597
207824
191924
330473
202056
193702
195356
200307
187642
186017
189047
184104
192032
177485
202054
196645
178603
196748
194920
188544
168424
196091
191819
197835
185846
186524
190537
193496
195391
49461
47001
32235
31116
39006
44512
34902
41970
48306
44504
179157
173610
212481
192395
203177
197133
190315
196910
194583
191023
181996
176005
208692
184139
200198
197918
194508
187611
202819
197606
192170
173446
173287
197049
199229
198946
191168
188641
192270
197272
18657
16164
14431
9729
9802
11482
11923
10188
15462
8653
184143
195432
22058
22403
21443
184379
43982
13310
9150
20987
46475
10822
28868
42950
44151
42230
96697
93426
96650
93368
102152
100398
95618
112733
98906
102327
45674
38717
34286
46404
45227
38225
43013
40631
43983
51417
94156
121410
101419
93304
99086
93725
108713
106955
100947
97570
60425
93981
92531
100215
93455
94831
103042
93860
93508
69204
195314
198726
195430
179445
186273
192639
159023
183235
199555
202257
92902
95071
50937
90764
46729
82479
92340
49205
87835
83512
192068
199667
189975
187652
174118
195856
196987
201659
190592
194862
42392
39785
16629
39937
16640
48890
37271
19652
48119
41689
103710
98428
92417
100633
103498
105967
91736
95164
102362
95819
177778
169022
201503
202754
200525
185241
185150
200287
179869
195899
177999
196105
183262
164924
159175
201734
193195
184583
175313
195576
87735
92385
86207
95600
108991
84079
90279
92953
104570
101701
41356
40702
40678
42404
39200
42530
32418
42761
34186
35965
40341
39411
42060
35122
41188
36406
46440
32691
41338
37594
91419
103725
97675
100319
107146
105319
109534
104805
100047
99160
43312
41535
41493
45257
46897
52427
45846
41815
39950
46499
2607
5981
3232
2345
4442
7222
6617
906
3347
2487
4575
5165
4945
4420
4765
4665
4025
4715
4765
4505
6721
7213
5961
6856
6355
6893
6629
7601
6191
5707
1185
690
1143
1261
963
1070
693
593
770
1133
6722
5335
6351
6631
6023
6265
6390
5829
6233
6087
95684
105270
133665
164045
91473
163555
95826
130489
82274
141075
2304
1577
2672
1734
2235
2561
2606
1848
2225
2886
8791
7544
7517
8402
8022
9028
8418
7654
7943
7770
11502
8952
15994
12252
15995
16218
10078
18198
11425
7977
2711
4528
2512
4699
2717
3667
4042
3305
3973
3325
1646
2052
2319
2590
1296
1934
2363
2504
1881
3541
6170
8357
3264
8009
6881
5076
4449
6881
6770
5848
7260
6455
7300
5140
7225
7180
8075
7540
6355
7640
6774
4632
5232
5511
8729
4916
9078
7979
5417
7477
1072
928
869
711
1143
781
1501
1097
697
434
2531
3241
3858
2156
1965
3460
2111
1151
2285
3389
3948
5318
6196
4839
2571
3721
3598
1949
2958
3520
8309
7364
8091
8431
7846
4961
6457
5156
8203
7874
1702
2718
1266
1477
4272
2629
2272
1570
3317
1646
1702
2718
1266
1477
4272
2629
2272
1570
3317
1646
89860
83233
122523
142533
135205
122310
127617
137668
138775
155008
4527
6012
4710
3936
4463
5232
6110
6832
6156
5620
3492
5447
4869
7042
4194
6287
6331
6927
5354
5214
133248
150647
152130
135291
140539
148530
114612
153761
157692
150985
139605
146785
101654
144382
129203
157696
143272
109985
93560
63368
4933
2657
4246
2578
2813
4891
4596
3336
2783
1862
3994
4486
7366
7891
5192
7630
5156
6987
6272
8123
4219
6322
3397
3620
6229
3157
4787
5738
5084
4807
4933
2657
4246
2578
2813
4891
4596
3336
2783
1862
709502
703463
647029
803732
772587
484947
806288
682634
657526
513049
125894
125894
83894
125894
120451
117720
120451
122624
120451
125894
4157
3406
2917
2537
3678
3258
2172
2408
2620
1640
4439
8200
5389
6746
5670
6575
3250
6507
5817
5808
3035
3825
3242
2635
4653
4141
4795
4884
3814
3376
7157
4188
5335
5801
4780
5770
6637
5830
6729
3806
5780
3689
6530
5543
6537
5114
4707
6448
5085
6786
578410
529719
602366
468262
473982
538469
541554
466560
602321
548877
1559
2984
3187
2850
2506
4100
936
3298
2201
2191
3070
2773
2473
4076
4234
3283
3988
3594
2916
3232
3470
5336
3522
5615
7047
2930
3521
4450
5293
6244
2576
2121
3066
1967
3321
3251
2479
2579
3194
2082
2620
2375
1812
2309
3636
3434
3889
2452
2304
2255
3612
6400
3997
7181
3201
3843
5275
6780
6508
4302
5608
5976
5534
6299
5544
5647
4007
5015
4337
7924
7144
6297
6712
4310
8007
6823
7796
3052
7511
5507
4115
5861
4517
6696
7621
6633
6045
7482
5373
3052
12030
13290
12220
13735
10030
15495
9945
12955
10100
12425
10560
9474
11850
9671
7436
8560
6240
10165
6194
9764
140934
138151
135912
94737
92358
152947
161996
145950
136518
128249
3862
3215
3182
2443
3248
2158
2760
3876
3314
1770
162475
136076
137097
98130
119900
117002
161556
121174
142696
138522
7516
4132
3008
4464
6497
4125
5426
4744
5072
4344
162805
136076
137097
98130
119900
117002
139548
136964
129298
102763
2956
3012
3287
3271
3363
3361
2863
2170
2227
3307
9460
9460
9460
9460
9460
9460
9460
9460
9460
9460
5165
5165
5165
5165
5165
5165
5165
5165
5165
5165
9624
9624
9624
9624
9624
9624
9624
9624
9624
9624
1696
1696
1696
1696
1696
1696
1696
1696
1696
1696
9460
9460
9460
9460
9460
9460
9409
9460
9460
9460
164045
164045
164045
164045
164045
164045
164045
164045
164045
164045
4021
4021
4021
4021
4021
4021
4021
4021
4021
4021
13417
13417
13417
13391
13417
13417
13391
13417
13417
13417
22497
22497
22497
22497
22497
22497
22497
22497
22497
22497
5829
5829
5829
5829
5829
5829
5829
5829
5829
5829
5829
5829
5829
5829
1438
5829
5829
5829
5829
5829
13417
13417
13417
13417
13350
13417
13395
13308
13407
13417
8655
8655
8655
8655
8655
8655
8655
8655
8655
8655
5339
13417
13369
13417
13417
13329
13417
13417
13417
13417
2252
2252
2252
2252
2252
2252
2252
2252
2252
2252
6974
6974
6974
6974
6974
6974
6974
6974
6974
6974
8604
8604
8604
8604
8604
8604
8604
8604
8604
8604
13417
13417
13417
13417
13357
13417
13417
13384
13417
13417
6974
6974
6974
6974
6974
6974
6974
6974
6974
6974
6974
6974
6974
6974
6974
6974
6974
6974
6974
6974
164045
164045
164045
164045
164045
164045
164045
164045
164045
164045
9624
9624
9624
9624
9624
9624
9624
9624
9624
9624
11525
11525
11525
11525
11525
11525
11525
11525
11525
11525
182684
182684
182684
182684
182684
182684
182684
182684
182684
182684
164045
164045
164045
164045
164045
164045
164045
164045
164045
164045
8604
8604
8604
8604
8604
8604
8604
8604
8604
8604
11525
11525
11525
11525
11525
11525
11525
11525
11525
11525
9624
9624
9624
9624
9624
9624
9624
9624
9624
9624
8604
8604
8604
8604
8604
8604
8604
8604
8604
8604
1123047
1123047
1122642
1121327
1123047
1123047
1123047
1123047
1123047
1114377
125894
125894
125894
125894
125894
125894
125894
125894
125894
125894
5123
5123
5123
5123
5123
5123
5123
5123
5123
5123
11525
11525
11525
11525
11525
11525
11525
11525
11525
11457
6974
6974
6974
6974
6974
6974
6974
6974
6974
6974
13417
13417
13417
13417
13417
13417
13417
13417
13417
13417
9624
9624
9624
9624
9624
9624
9624
9624
9624
9624
1015847
1015847
1001692
1004347
1012782
1006012
1015182
1013482
1015442
1015847
5829
5829
5829
5829
5829
5829
5829
5829
5829
5829
5829
5829
5829
5829
5829
5829
5829
5829
5829
5829
8604
8604
8604
8604
8604
8604
8604
8604
8604
8604
5325
5325
5325
5325
5325
5325
5325
5325
5325
5325
6409
6347
6425
6450
6450
6409
6450
6384
6384
6409
11525
11525
11525
11525
11525
11525
11525
11525
11525
11525
12331
12331
12331
12331
12331
12331
12331
12255
12331
12331
12331
12331
12331
12331
12331
12331
12331
12331
12331
12331
12331
12331
12331
12331
12331
12331
12331
12331
12331
12331
15495
15495
15495
15495
15495
15495
15495
15495
15495
15495
14723
14723
14723
14723
14723
14723
14723
14723
14723
14723
164045
164045
164045
164045
164045
164045
164045
164045
164045
164045
5829
5829
5829
5829
5829
5829
5829
5829
5829
5829
164045
164045
164045
164045
164045
164045
164045
164045
164045
164045
12331
12331
12331
12331
12331
12331
12331
12331
12331
12331
164045
164045
164045
164045
164045
164045
164045
164045
164045
164045
4795
4795
4795
4795
4795
4795
4795
4795
4795
4795
73759
73759
72831
75629
75960
77384
77384
75619
75619
75619
75619
75619
75619
75036
3974
4042
4110
3989
4093
3959
3540
2740
2494
2982
4290
4021
4046
4064
2897
3584
4640
4391
3377
2499
3769
4329
3990
4059
3588
4068
4259
3967
4233
4140
4015
3258
4416
4364
3579
4510
4636
4182
4664
3523
4689
4304
2768
4512
3904
4279
4227
4046
3920
4664
3931
4317
4690
4658
4804
4343
4323
4697
2836
4492
4008
4456
3742
3741
3836
3436
4418
3863
3890
3853
4433
3769
4089
3239
3784
2979
4402
4318
4198
3107
3611
3727
3587
3888
3907
3627
3733
4133
3701
3523
4344
3986
4214
3827
4232
4139
2685
3908
3499
3702
3252
4036
4351
3811
4583
4105
3032
3849
4554
3125
4713
4322
4404
4109
4622
4585
4773
4397
4017
4394
4255
4316
4632
4698
4493
4622
2385
4599
4470
4472
4252
4402
4048
4292
4480
3910
4240
4500
4617
4189
4047
4436
4795
4271
4672
4445
3833
4018
2891
3957
4469
4336
4006
3768
3171
4146
3950
3807
4032
4714
4229
4679
4663
4632
4467
4271
3793
4149
4080
3464
3580
4017
4713
4518
4387
4632
4468
4436
3908
3992
3850
3488
4622
4359
4320
4080
4146
3842
4502
3710
4221
4426
2726
4582
4436
4269
4168
4632
4250
3481
4544
4047
4352
4501
4632
3586
4255
3227
3859
4414
4467
4394
4047
4251
4625
4031
4270
4047
4401
3834
4320
4458
4285
4099
4493
4401
2973
3538
4583
4467
4097
4176
4126
4360
4066
3827
4059
4293
4044
4320
4278
4227
4517
3488
4394
2414
2702
4271
3333
4317
184958
197794
208496
192791
199150
182604
185727
188585
205487
208573
4583
3966
4220
3965
4468
4271
4146
4174
4583
4278
4736
5044
5058
3724
4843
4738
5273
5351
4710
5130
198927
204589
192298
200098
187794
208049
201281
201112
203741
200891
4111
4544
4517
4480
4591
4599
4516
4542
4271
4625
9183
9051
9101
8931
8967
9064
9119
9095
9114
9012
5065
5065
5065
5065
5065
5065
4845
5065
5065
5065
9373
9373
9413
9373
9373
9373
9373
9373
9373
9373
1685
1633
1657
1662
1600
1578
1688
1472
1633
1673
9460
9454
9409
9448
9420
9403
9424
8668
9460
9460
162475
163225
162475
162475
162475
162475
162475
162475
162475
162475
4021
4021
4021
4021
4021
3924
3844
3924
4021
4021
12062
11984
12057
12072
11984
11984
11984
12057
11984
11984
20923
21031
21280
21513
20856
21299
21389
21089
21803
21277
5779
5829
5787
5829
5779
5787
5779
5737
5829
5829
5829
5829
5829
5829
5829
5779
5829
5829
5829
5829
12731
12792
12743
13035
12861
12924
12915
12960
12897
12957
8555
8335
8335
8335
7935
8335
8475
8255
7855
8255
12532
12656
12868
12645
12559
12583
12186
12622
12409
12471
1857
1971
1977
1829
1754
1854
1977
1858
1900
1768
6959
6933
6885
6959
6959
6959
6933
6959
6959
6959
7681
7774
8035
7904
7895
7817
7792
7957
8007
8002
12404
12793
12715
12912
12596
12392
12388
12639
12710
12314
6959
6866
6959
6959
6959
6959
6959
6924
6959
6959
6959
6959
6959
6909
6959
6933
6959
6959
6959
6959
162475
162475
162475
162475
162475
162475
162475
162475
162475
162475
9373
9373
9288
9373
9373
9323
9373
9314
9373
9314
11137
11140
11025
10754
11011
11087
11023
11047
11056
10827
177319
174954
177319
177319
174954
182684
174954
166954
174954
166954
162475
162475
162475
162475
162475
162475
162475
162475
162475
163225
8213
8237
8409
8300
8272
8224
8237
8237
8272
8263
10646
10445
10645
10646
10738
10583
10526
10515
10583
10515
9314
9019
9201
9163
9110
9323
9136
9082
9136
9106
8272
8350
8359
8409
8322
8409
8409
8409
8409
8409
1116827
1116827
1116827
1116827
1116827
1116827
1116827
1116827
1116827
1116827
4936
4936
4936
5055
4936
4936
4936
5098
4936
5123
10694
10583
10646
10738
10786
10515
10786
10694
10786
10515
6916
6916
6866
6916
6824
6916
6866
6818
6824
6916
12257
12925
12864
12650
12775
12735
12681
12711
12696
12941
8629
8904
8650
8718
8886
8677
8838
8888
8770
8862
1116827
1116827
1116827
1116827
1116827
1116827
1116827
1116827
1114127
1116757
5829
5829
5829
5829
5829
5829
5829
5829
5829
5709
5737
5731
5829
5779
5779
5586
5829
5829
5829
5779
8322
8324
8409
8300
8272
8185
8322
8359
8350
8274
5030
4983
5030
5030
5030
4983
5159
5030
5030
5030
5778
5604
5604
5604
5533
5604
5646
5604
5565
5604
11260
11260
11260
11316
11260
11316
11260
11260
11260
11260
11934
12023
11998
11810
11669
11804
11948
12018
11948
11811
10724
11737
11235
11409
11743
11225
11479
11580
11784
11326
11389
11321
11321
11299
11321
11437
11481
11389
11452
11321
15395
15395
15175
15395
15395
15395
15315
15395
15175
15305
14400
14330
14452
14149
14289
14281
14240
14281
14281
14335
162475
162475
162475
162475
162475
162475
162475
162475
162475
162475
5770
5812
5829
5829
5812
5812
5829
5812
5829
5829
162475
162475
162475
163225
162475
162475
162475
162475
162475
162475
12066
12066
12066
12007
12066
12066
12066
12066
12066
12066
162475
162475
162475
162475
162475
162475
162475
162475
162475
162475
4661
4732
4732
4502
4434
4650
4661
4434
4520
4732
40653
39234
43390
43674
46238
44491
43544
42428
41899
47458
60685
59934
60685
60254
59934
60685
59419
58660
60685
59934
75183
73546
73945
75183
73900
74644
74519
73981
75183
75183
322676
319291
317047
314812
326381
319698
315767
325902
322095
323132
52113
54216
50016
55002
58787
53300
57998
53417
50288
53509
70342
70342
70342
70342
70342
70342
70342
70342
70342
70342
169805
169280
167548
168532
169580
170912
170059
172225
170740
172317
301648
297200
300713
302435
301514
296762
315363
303674
302405
306607
159806
166936
163786
164267
162554
162474
160113
160776
162622
165543
53765
53765
53765
53765
53765
54564
53765
53765
53765
53765
307483
308463
312049
298503
300710
296127
295756
307570
303574
310599
163438
165631
167667
168437
165036
170784
168007
166739
164478
165879
132957
126081
127951
130407
132657
123474
129896
128344
129849
127571
50805
51258
51573
50921
51404
48829
52289
53713
49538
50975
184542
184664
181840
182871
177543
182431
181142
181255
181077
182997
84310
78208
78640
80576
80179
82824
84434
82084
80927
77042
165035
168349
168631
166780
166271
164853
168748
163704
169414
163938
64453
65252
64302
67389
66606
68154
66797
61715
65700
64508
103460
95944
100070
101215
105433
96525
95818
98064
101604
97553
87432
85132
85143
85326
87168
87358
90616
85727
94829
85055
48931
52916
49356
51330
48832
50405
48520
48387
51219
53297
67964
70431
69599
71020
70028
67363
71447
69000
68762
68792
69774
70308
70852
70852
70852
69774
70852
69774
70318
69774
168583
163558
169877
176113
173517
162849
175009
172482
171857
173790
301489
292533
296056
291928
304347
296243
288116
289917
295827
304940
163009
169521
165296
166212
162973
171460
170215
165311
165241
173621
163899
162347
162829
170018
161509
165467
161779
161555
164052
163391
69132
68601
68601
69132
69132
69132
69132
68568
68486
69132
299584
306824
299434
296941
302579
304047
294529
302395
300432
296912
303046
301046
301946
302376
297075
307896
306112
300038
290860
307407
49746
55919
49215
50933
49388
49599
49388
53658
52351
52219
65617
65617
65617
65617
65617
65617
65617
65617
65617
65093
73368
73368
73368
73368
73368
73368
73368
73368
73368
73368
71599
79570
77855
81419
78131
78030
80379
80692
76364
73720
312047
303888
313241
302264
308445
302670
305597
296696
298377
306885
72233
72537
73373
71814
73373
73373
72601
72809
72797
72647
63844
63844
63844
63844
64644
65060
63844
63844
63844
64389
321168
319514
316498
316317
314066
314390
315644
314034
323921
319843
176698
177468
176284
175946
172376
174921
173747
175446
175866
173234
165484
170987
165995
164480
167609
171568
167265
167940
167034
170527
307413
305498
299276
302235
300192
312990
304790
291515
292576
296464
165261
171891
162793
172314
167012
167772
165334
164373
167876
168718
317746
314871
320618
319376
322724
317350
325452
317320
314638
319674
66475
66761
66165
67259
67259
67259
67259
67259
67259
66211
86033
85455
91802
87197
88721
94466
93052
88054
90459
91286
256396
251174
251728
252143
257840
263905
259418
255725
255996
253950
41655
42354
40765
45420
42774
44847
47230
49133
49794
45215
300683
313850
307410
317830
320597
308473
320529
318912
306822
300950
275419
273228
266918
279879
278829
272479
274365
276330
270302
265734
192139
193282
196741
201881
190386
199442
195139
199238
199820
193736
169336
167455
162352
172583
167087
173858
161573
168549
168827
168870
72023
72023
72023
72023
72023
72023
72023
72023
72023
72023
72912
73423
73921
73921
73423
72533
72497
73423
73423
72912
105554
112357
110542
110725
111854
117039
116906
109203
109518
113448
304248
318508
308820
307871
302402
300424
306434
316221
306514
303962
67463
67463
67463
67463
66724
67463
67463
66563
67463
67463
71458
69095
67979
70778
70306
67979
70778
70306
70778
71155
50970
54351
50107
53190
47891
49386
48848
51399
49457
47147
169581
165562
163481
165345
166094
163521
166239
162796
171833
165476
73476
70964
67955
70980
69643
69237
71457
66370
68689
71928
297219
295657
295497
297835
296165
290334
292038
298711
304125
299385
133928
132362
141026
124628
131283
135143
129425
129758
137505
131021
71576
72703
71107
72171
72703
72140
72703
72703
71650
72703
176087
177073
177905
176145
177861
174750
174788
175173
173199
176326
73090
72558
72577
73090
73090
71565
73090
73090
73090
71565
123006
127313
114602
116390
119539
120666
120536
119787
117231
124292
245053
244589
235308
241034
235157
234098
238113
246363
251903
240587
72887
72413
73786
72887
72887
72413
72887
72887
72413
72413
184907
193577
184624
190668
182398
184811
183425
184809
183032
193870
72039
72910
72039
73445
72039
72039
72039
72039
72926
72039
50210
56595
51126
53708
52945
53035
52875
56617
55024
50667
168055
171203
174082
177349
168304
171901
176431
165246
168006
166146
106056
105258
106912
99371
104310
107549
103726
108610
109670
111248
66005
66005
67161
66005
66516
66005
66005
66005
67161
67161
311076
322904
329459
314195
311266
309218
318853
313130
323370
313614
331350
335663
326079
330065
326942
336569
322222
332099
330356
330044
305140
307842
296571
303291
305628
303262
302343
299623
300497
309239
307418
303886
300339
299958
300179
289182
297076
302640
304367
300614
70744
71829
71236
71829
68791
71347
71829
70657
71236
71829
67328
67268
67574
68141
69830
64972
70096
65030
67394
69252
160972
158410
157511
159642
159430
161725
160189
159127
150616
161452
75236
74745
73642
75236
73629
75236
75236
74745
75236
75236
68893
68893
68315
73031
68893
68893
72009
68893
68893
68893
169113
169431
166822
169943
167563
166439
163875
166303
169323
167461
250300
253630
250385
258237
252072
240982
248843
262674
266059
252799
68369
66828
65967
66086
66405
66828
66241
64379
66756
65612
171570
171084
175502
172645
172813
172209
171833
175891
172858
172532
169047
172068
170069
165662
171023
171901
172974
174345
171616
172291
178150
178259
179892
179433
177259
178531
177473
179332
180020
177505
180605
176834
181975
173476
180243
181122
180122
176424
178053
178017
140304
142552
142213
143193
145464
148534
140103
140580
145254
143902
287413
290410
302105
292750
289669
290163
286177
289925
288313
285562
113165
119064
116354
119370
117567
115930
122096
118712
114552
115843
70543
70543
70543
70543
70543
70543
69719
70543
70543
70543
140836
133162
137669
133387
132131
132464
135303
133903
135609
133333
315528
312720
321409
316956
320867
322780
315598
303789
323621
318821
310041
313583
300566
314305
302388
311474
303217
294151
304270
301305
67621
67727
67161
67816
66414
69972
66857
69225
69972
66387
72989
73848
70832
70832
72423
72413
72979
72413
70832
72957
169042
169141
173149
171910
169841
177361
173556
171986
175671
172994
66202
67006
67006
66641
68570
67433
66659
67924
68570
68305
172508
168807
169482
169259
169551
171953
167757
176510
168589
172884
69203
65054
67320
67275
68096
65620
68671
68045
70594
65086
295721
300209
298536
287642
301629
304717
301835
300704
308933
298648
178950
176824
179087
179791
182228
178338
175175
174752
175176
175983
81502
90494
83370
88500
83411
80917
84846
86422
85980
89521
172211
172151
173454
171455
171352
173719
170348
169161
171069
169918
310848
305916
312699
311970
300359
306483
306869
309708
301481
304619
176603
176707
173903
177501
172125
169274
173960
177782
173773
180126
47432
48087
47631
52124
50066
50290
47637
47328
48172
49137
169674
169755
168835
169247
172624
167288
170395
168385
171411
169937
164120
167881
167007
164392
158298
164795
168435
170226
167869
159794
311186
297545
309338
297793
301080
293877
286380
300567
303849
301522
297332
298714
300367
304728
301902
299883
293044
311824
305286
303061
170756
172098
170620
171977
170795
175177
170437
171697
171286
173310
170345
169329
168724
167684
168252
171213
168791
169247
171182
168818
281934
300129
290566
302032
291717
283663
286050
298966
287306
290386
158912
164214
160810
164101
161729
161986
161575
163683
162655
163105
71711
70998
71763
70533
71721
71721
71167
71601
69683
71566
50541
53003
51531
48997
48084
48652
49253
48077
50728
45152
311823
312168
307885
317273
320040
303820
315178
304773
310039
317661
69192
69192
69192
69192
69192
69192
69192
69192
69192
69192
161903
157658
161082
158313
154944
159397
162464
163160
157628
159345
299099
299374
280844
289534
286993
290412
303013
303675
292846
295510
53028
53272
54148
55021
51984
58770
56675
55193
56251
53623
166776
174642
168022
168777
174912
169872
169362
170467
176445
168895
322819
308794
314776
302332
321871
317180
307924
321074
317623
315437
110965
111788
116239
115738
113768
111817
111767
116720
112339
110830
156546
155980
158062
158534
155364
157960
156391
158634
157876
155926
57997
59269
60706
58680
59591
57997
58837
58837
58751
58923
283383
287924
313432
295536
295207
286333
292919
308966
299775
286839
175431
169694
172682
162598
167662
170080
175934
167531
169187
169018
53626
59514
55349
56903
57275
52833
58559
56929
52716
52026
258324
260773
257957
264736
267618
259441
267164
257766
273496
255497
53874
53235
53821
52438
53512
53205
53343
56201
56212
55634
177286
176919
172617
174996
174343
173682
177521
174052
176657
177131
105168
102457
107789
105331
102275
103190
108612
107310
108134
103410
296418
304112
301724
299734
287325
292025
286729
295873
298953
292763
160458
160510
162102
162152
161718
163845
158318
160743
163536
163863
174693
175749
172953
176780
175131
179196
175968
180702
171111
182481
64621
63658
61485
60335
62529
61036
64632
65803
64971
60539
122056
125768
120319
118941
117465
125942
127617
122586
119947
124110
162528
165420
162201
164079
162839
165000
161271
164804
163373
165070
298586
292992
301825
298594
288869
294271
307722
297804
304913
296129
84672
88866
88015
93066
92412
94903
88452
91051
91690
91568
74479
75086
75929
75086
75536
75086
75929
75086
73412
75086
101575
103327
101669
99025
97000
99872
98873
106784
98862
100125
70030
68968
70030
70030
69507
70030
70030
69508
70030
69567
63198
62702
64161
62969
59971
63495
63406
64272
62739
63198
305747
298216
286814
288931
285744
301076
298835
291963
294673
291118
128848
131471
138058
134612
127809
132568
133704
129690
132175
129443
64025
65094
64025
64025
64910
65094
64025
64025
64755
64025
162653
166391
160402
164674
165428
165003
162160
166234
162218
162592
68046
69242
69791
69142
70780
69754
72035
69731
70347
70310
254422
253656
247419
255904
259232
249346
259813
247995
244103
260556
254695
260493
269228
263714
275823
263912
260691
251948
262870
260190
292644
305172
296784
288970
297489
293778
303350
305995
299242
299469
148885
149695
156159
149311
146093
148429
154776
152679
148136
157323
170628
168749
179098
166264
173601
170686
170955
173655
170788
170665
173150
172211
171920
172979
168872
172059
171412
173286
170484
171851
44076
51284
53177
53930
52203
54067
56336
49438
45006
51088
170609
159694
162732
164686
167364
166373
164137
165460
157184
162308
57853
54440
57426
57909
57534
52844
53970
54514
57152
56549
300343
293561
288358
289903
295300
286391
281702
293021
281446
285305
183457
183979
179842
186991
184977
181354
184481
186656
182631
183564
165454
154289
152929
156145
147510
158320
151680
155262
154234
155179
167736
164059
162884
163086
165308
162267
159035
163302
165286
165379
294327
294787
290126
281343
290139
288025
289666
290788
286048
299028
162414
162798
168098
172366
169016
163722
166659
167823
169977
166520
69353
69353
68652
69353
69353
69353
69353
69353
66516
69353
292264
295966
301416
294248
292458
298634
299057
295522
299174
296920
74019
74019
74019
74019
74518
74019
74019
74019
74019
74019
301137
304198
306889
303073
305551
304613
310617
303838
309384
311018
88936
92782
86879
92022
85783
84681
86766
89220
84928
85906
126072
124555
118122
126044
128420
120949
126357
118232
124092
130759
183479
182694
179457
184286
184667
181638
183258
183933
183086
180476
165063
168973
167842
171166
164004
165833
171494
164927
164593
164475
51992
50744
52084
53550
53240
51321
50288
50300
53246
50266
126541
122148
122295
126928
125481
124417
130078
126199
128420
124681
314501
322772
311896
309981
310736
311419
317787
310561
306244
314744
71889
71889
71889
71889
71889
71889
71889
71889
71889
71889
168166
170175
175617
172597
175672
178145
170580
177584
172549
172671
187730
187441
187104
186763
186852
186495
185528
183602
185422
184546
67762
67781
64221
68893
67103
67233
65830
67632
66169
68345
72047
72047
72047
71366
72047
72047
72047
72047
72047
72047
281222
294386
293070
290597
296772
298447
289998
307397
298406
293351
69658
69658
69658
69658
69658
69658
69658
69658
69658
69658
301894
313418
302549
298344
302489
303740
301706
301356
306003
297219
297927
309425
304155
308339
310429
308869
309109
306536
310187
307903
68126
70860
68687
68610
70816
68126
71301
69738
68126
70860
180311
173002
179914
178123
175346
177115
177185
179283
183640
177748
160733
166625
158663
159130
162234
163225
157891
158320
162353
164577
282601
277661
280980
286337
281038
285132
282154
279907
273537
287639
68951
68479
68479
68951
69997
68479
69994
70007
69519
70575
66181
67578
65754
67774
65703
66420
65754
66461
65569
63206
60891
60891
60210
60210
59555
60210
60891
60891
60776
60298
89267
96379
86681
89231
90714
92329
85553
89733
87669
89867
62243
61631
62243
62243
62243
62243
61441
62243
62243
62243
43584
50078
46988
46997
41127
44078
48601
42095
46959
46624
128527
129915
126651
129833
130715
130788
128590
127622
138224
133501
171146
172939
168710
164774
164796
168403
171034
173434
169603
167617
164158
158028
162010
168763
166115
167352
168193
167880
167904
165465
157406
154737
159900
155281
158932
155798
158348
155961
156295
158087
316345
310367
311415
313800
322699
321090
305987
315437
311718
313770
155894
150479
152899
150055
153753
156170
152225
158398
154898
154542
59230
60407
60529
59230
59230
59961
59230
59230
59230
59230
174037
173104
172518
171527
172417
175112
168190
172107
170963
173321
332034
323762
326700
324885
319477
326790
324192
327374
326583
323168
173673
171367
171141
177624
172122
172548
170206
176865
174435
170489
171806
159812
155985
165028
167819
167522
165409
163316
167194
165661
316438
314707
309996
304949
318389
298664
308485
299863
298346
304738
176668
180161
176754
182026
177883
176582
179973
178334
181544
175209
60553
60427
59931
59182
60540
59931
59931
60540
59884
60632
64366
65118
65118
65118
65118
64366
65118
64454
65118
64366
176120
175173
174875
174428
173075
176339
172760
175368
170733
173689
289706
297683
297131
288577
291067
290936
284181
288669
289887
288824
65186
65186
65186
65186
64268
65186
65186
65186
65186
65186
264276
264782
256443
260422
247872
246403
252737
267502
263751
248548
73203
73203
72692
73203
73203
73203
73203
71596
71081
73203
172740
176552
174859
176235
173296
173516
175064
177009
176244
173888
329042
329782
335959
324315
321872
320309
323084
316873
318349
324912
291010
304881
300221
313598
307923
305056
301729
300623
301271
301667
289245
288403
293049
288352
288577
297281
293230
292782
298472
301849
66557
65297
65292
67169
66563
67752
67169
67177
64708
67568
319001
314519
317953
315697
318474
321234
316735
320806
316908
318696
91255
85686
96005
93873
97589
91728
91872
88943
96377
94573
297792
306948
298760
311230
299808
295050
310491
310953
307268
306444
300203
311786
301508
309788
303361
308034
291047
300772
291686
300476
165516
162032
161743
158957
160723
159501
158026
157042
158890
162551
68108
68507
67583
67082
67614
68188
69100
68188
67082
69618
301814
290878
289736
295039
292619
307312
295928
295884
296096
299752
68395
66914
68105
69741
69121
67987
66273
69658
68510
67451
155724
161167
156756
156915
153337
156230
156495
160594
158701
153733
71680
71680
70698
70815
70698
70698
71680
70698
71680
71680
179137
179210
180343
178114
177230
175455
178523
179227
180729
180792
171761
164253
163966
164700
163520
164731
164720
165306
169690
165587
262567
261814
267088
262347
265581
267588
263609
257445
263047
259265
100784
105150
105750
110623
107717
109842
103635
103998
108898
107766
298325
306508
296593
302390
297210
305221
303369
298117
309677
300312
49903
47656
49266
49015
54934
54629
54965
52100
48482
51251
138481
136806
137752
136586
137707
136854
139276
138534
137527
138026
302054
298950
308112
308966
306917
298263
310489
296662
301278
301092
60343
59629
60498
59629
59629
59757
60501
66071
68406
62170
165526
163249
166744
170340
164559
165510
167029
165748
164250
167532
308062
303812
303430
307620
306140
314299
314111
314261
307837
311940
121360
116703
115574
118847
114249
113531
118858
123900
117185
116842
292127
291881
290961
299163
295592
300259
296762
295194
295428
292134
170929
168092
174159
172181
174987
174033
167983
165580
168794
168807
64949
64949
64949
64162
67257
64949
64949
64949
64432
64949
69973
69973
69973
69973
69973
69973
69179
69973
69973
69973
185008
181751
185374
185938
182308
189777
188176
184629
186463
185886
68350
68350
68350
68350
68350
68350
68350
68350
68350
68350
96622
93952
97121
90220
95608
93163
97328
94396
93949
94158
6899
6899
6899
6899
6844
6849
6899
6899
6899
6899
6412
6288
6285
6288
6285
6351
6345
6343
6222
6223
63070
65145
63721
67209
63963
61828
64033
63709
62864
62085
7949
7758
7816
7598
7995
7480
7394
7749
7547
7663
10061
10117
10117
10117
10117
9988
9945
10117
10061
10117
22531
22202
21551
20044
21861
22539
21072
21419
20459
22624
10499
10159
10051
10496
10923
10981
10670
9308
10876
10898
27704
28137
27805
28177
28217
28589
28356
27698
27490
28525
50289
49726
50180
49630
52462
50582
52300
49793
50585
53122
13228
12915
13144
13151
13266
13267
12984
13085
13323
13152
